21:51:16 INFO  : Launching XSDB server: xsdb.bat C:/Xilinx/SDK/2015.4/scripts/xsdb/xsdb/xsdb-server.tcl
21:51:18 INFO  : XSDB server has started successfully.
21:51:18 INFO  : Processing command line option -hwspec C:/Users/emink/Desktop/ekose/LED_controller/LED_controller.sdk/system_wrapper.hdf.
21:54:58 INFO  : Project 'hw_platform_0' created. You can now create BSPs and application projects targeting this hardware platform.
22:02:15 ERROR : Unexpected error while launching program.
com.xilinx.sdk.targetmanager.TMException: 
    Unknown Error Occured
    Cable is not connected to the host

	at com.xilinx.sdk.targetmanager.internal.TM.connectToProcessor(TM.java:484)
	at com.xilinx.sdk.debug.core.XilinxAppLaunchConfigurationDelegate.runTargetSetup(XilinxAppLaunchConfigurationDelegate.java:503)
	at com.xilinx.sdk.debug.core.XilinxAppLaunchConfigurationDelegate.runApplication(XilinxAppLaunchConfigurationDelegate.java:616)
	at com.xilinx.sdk.debug.core.XilinxAppLaunchConfigurationDelegate.launch(XilinxAppLaunchConfigurationDelegate.java:309)
	at com.xilinx.sdk.debug.ui.XilinxAppLaunchDelegateWrapper.launch(XilinxAppLaunchDelegateWrapper.java:31)
	at org.eclipse.debug.internal.core.LaunchConfiguration.launch(LaunchConfiguration.java:858)
	at org.eclipse.debug.internal.core.LaunchConfiguration.launch(LaunchConfiguration.java:707)
	at org.eclipse.debug.internal.ui.DebugUIPlugin.buildAndLaunch(DebugUIPlugin.java:1018)
	at org.eclipse.debug.internal.ui.DebugUIPlugin$8.run(DebugUIPlugin.java:1222)
	at org.eclipse.core.internal.jobs.Worker.run(Worker.java:53)
22:02:44 ERROR : Unexpected error while launching program.
com.xilinx.sdk.targetmanager.TMException: 
    Unknown Error Occured
    Cable is not connected to the host

	at com.xilinx.sdk.targetmanager.internal.TM.connectToProcessor(TM.java:484)
	at com.xilinx.sdk.debug.core.XilinxAppLaunchConfigurationDelegate.runTargetSetup(XilinxAppLaunchConfigurationDelegate.java:503)
	at com.xilinx.sdk.debug.core.XilinxAppLaunchConfigurationDelegate.runApplication(XilinxAppLaunchConfigurationDelegate.java:616)
	at com.xilinx.sdk.debug.core.XilinxAppLaunchConfigurationDelegate.launch(XilinxAppLaunchConfigurationDelegate.java:309)
	at com.xilinx.sdk.debug.ui.XilinxAppLaunchDelegateWrapper.launch(XilinxAppLaunchDelegateWrapper.java:31)
	at org.eclipse.debug.internal.core.LaunchConfiguration.launch(LaunchConfiguration.java:858)
	at org.eclipse.debug.internal.core.LaunchConfiguration.launch(LaunchConfiguration.java:707)
	at org.eclipse.debug.internal.ui.DebugUIPlugin.buildAndLaunch(DebugUIPlugin.java:1018)
	at org.eclipse.debug.internal.ui.DebugUIPlugin$8.run(DebugUIPlugin.java:1222)
	at org.eclipse.core.internal.jobs.Worker.run(Worker.java:53)
22:03:29 INFO  : ps7_init is completed.
22:03:29 INFO  : Processor reset is completed for ps7_cortexa9_0
22:03:50 INFO  : Processor reset is completed for ps7_cortexa9_0
22:04:50 INFO  : Processor reset is completed for ps7_cortexa9_0
22:06:04 ERROR : Unexpected error while launching program.
com.xilinx.sdk.targetmanager.TMException: 
    Unknown Error Occured
    Cable is not connected to the host

	at com.xilinx.sdk.targetmanager.internal.TM.connectToProcessor(TM.java:484)
	at com.xilinx.sdk.debug.core.XilinxAppLaunchConfigurationDelegate.runTargetSetup(XilinxAppLaunchConfigurationDelegate.java:503)
	at com.xilinx.sdk.debug.core.XilinxAppLaunchConfigurationDelegate.runApplication(XilinxAppLaunchConfigurationDelegate.java:616)
	at com.xilinx.sdk.debug.core.XilinxAppLaunchConfigurationDelegate.launch(XilinxAppLaunchConfigurationDelegate.java:309)
	at com.xilinx.sdk.debug.ui.XilinxAppLaunchDelegateWrapper.launch(XilinxAppLaunchDelegateWrapper.java:31)
	at org.eclipse.debug.internal.core.LaunchConfiguration.launch(LaunchConfiguration.java:858)
	at org.eclipse.debug.internal.core.LaunchConfiguration.launch(LaunchConfiguration.java:707)
	at org.eclipse.debug.internal.ui.DebugUIPlugin.buildAndLaunch(DebugUIPlugin.java:1018)
	at org.eclipse.debug.internal.ui.DebugUIPlugin$8.run(DebugUIPlugin.java:1222)
	at org.eclipse.core.internal.jobs.Worker.run(Worker.java:53)
22:09:56 INFO  : ps7_init is completed.
22:09:56 INFO  : Processor reset is completed for ps7_cortexa9_0
22:10:41 INFO  : Processor reset is completed for ps7_cortexa9_0
22:10:41 ERROR : Port COM3 is already in use.
22:11:09 INFO  : Processor reset is completed for ps7_cortexa9_0
22:12:33 INFO  : ps7_init is completed.
22:12:33 INFO  : Processor reset is completed for ps7_cortexa9_0
22:13:58 INFO  : Processor reset is completed for ps7_cortexa9_0
22:14:35 INFO  : Connected to target on host '127.0.0.1' and port '3121'.
22:14:39 INFO  : Sourcing of 'C:/Users/emink/Desktop/ekose/LED_controller/LED_controller.sdk/hw_platform_0/ps7_init.tcl' is done.
22:14:39 INFO  : 'targets -set -filter {name =~"APU" && jtag_cable_name =~ "Digilent Zed 210248496208"} -index 0' command is executed.
22:14:39 INFO  : Hardware design information is loaded from 'C:/Users/emink/Desktop/ekose/LED_controller/LED_controller.sdk/hw_platform_0/system.hdf'.
22:14:40 INFO  : 'targets -set -filter {name =~"APU" && jtag_cable_name =~ "Digilent Zed 210248496208"} -index 0' command is executed.
22:14:40 INFO  : 'stop' command is executed.
22:14:41 INFO  : 'ps7_init' command is executed.
22:14:41 INFO  : 'con' command is executed.
22:14:41 INFO  : Context for processor 'ps7_cortexa9_0' is selected.
22:14:41 INFO  : Processor reset is completed for 'ps7_cortexa9_0'.
22:14:41 INFO  : Context for processor 'ps7_cortexa9_0' is selected.
22:14:42 INFO  : The application 'C:/Users/emink/Desktop/ekose/LED_controller/LED_controller.sdk/HelloWorld/Debug/HelloWorld.elf' is downloaded to processor 'ps7_cortexa9_0'.
22:14:42 INFO  : ----------------XSDB Script----------------
connect -url tcp:127.0.0.1:3121
source C:/Users/emink/Desktop/ekose/LED_controller/LED_controller.sdk/hw_platform_0/ps7_init.tcl
targets -set -filter {name =~"APU" && jtag_cable_name =~ "Digilent Zed 210248496208"} -index 0
loadhw C:/Users/emink/Desktop/ekose/LED_controller/LED_controller.sdk/hw_platform_0/system.hdf
targets -set -filter {name =~"APU" && jtag_cable_name =~ "Digilent Zed 210248496208"} -index 0
stop
ps7_init
con
targets -set -nocase -filter {name =~ "ARM*#0" && jtag_cable_name =~ "Digilent Zed 210248496208"} -index 0
rst -processor
targets -set -nocase -filter {name =~ "ARM*#0" && jtag_cable_name =~ "Digilent Zed 210248496208"} -index 0
dow C:/Users/emink/Desktop/ekose/LED_controller/LED_controller.sdk/HelloWorld/Debug/HelloWorld.elf
----------------End of Script----------------

22:14:42 INFO  : Context for processor 'ps7_cortexa9_0' is selected.
22:14:42 INFO  : 'con' command is executed.
22:14:42 INFO  : ----------------XSDB Script (After Launch)----------------
targets -set -nocase -filter {name =~ "ARM*#0" && jtag_cable_name =~ "Digilent Zed 210248496208"} -index 0
con
----------------End of Script----------------

22:16:17 INFO  : Processor reset is completed for ps7_cortexa9_0
22:16:44 INFO  : Processor reset is completed for ps7_cortexa9_0
22:18:13 INFO  : Processor reset is completed for ps7_cortexa9_0
22:20:37 ERROR : Unexpected error while launching program.
com.xilinx.sdk.targetmanager.TMException: 
    Failed to open Cable Node jsn-Zed-210248496208 on TCP:127.0.0.1:3121


	at com.xilinx.sdk.targetmanager.internal.TM.connectToProcessor(TM.java:484)
	at com.xilinx.sdk.debug.core.XilinxAppLaunchConfigurationDelegate.runTargetSetup(XilinxAppLaunchConfigurationDelegate.java:503)
	at com.xilinx.sdk.debug.core.XilinxAppLaunchConfigurationDelegate.runApplication(XilinxAppLaunchConfigurationDelegate.java:616)
	at com.xilinx.sdk.debug.core.XilinxAppLaunchConfigurationDelegate.launch(XilinxAppLaunchConfigurationDelegate.java:309)
	at com.xilinx.sdk.debug.ui.XilinxAppLaunchDelegateWrapper.launch(XilinxAppLaunchDelegateWrapper.java:31)
	at org.eclipse.debug.internal.core.LaunchConfiguration.launch(LaunchConfiguration.java:858)
	at org.eclipse.debug.internal.core.LaunchConfiguration.launch(LaunchConfiguration.java:707)
	at org.eclipse.debug.internal.ui.DebugUIPlugin.buildAndLaunch(DebugUIPlugin.java:1018)
	at org.eclipse.debug.internal.ui.DebugUIPlugin$8.run(DebugUIPlugin.java:1222)
	at org.eclipse.core.internal.jobs.Worker.run(Worker.java:53)
22:21:10 INFO  : Processor reset is completed for ps7_cortexa9_0
22:22:48 INFO  : ps7_init is completed.
22:22:48 INFO  : Processor reset is completed for ps7_cortexa9_0
22:23:59 INFO  : ps7_init is completed.
22:23:59 INFO  : Processor reset is completed for ps7_cortexa9_0
22:25:04 INFO  : Processor reset is completed for ps7_cortexa9_0
22:37:10 INFO  : ps7_init is completed.
22:37:10 INFO  : Processor reset is completed for ps7_cortexa9_0
22:37:42 INFO  : Processor reset is completed for ps7_cortexa9_0
22:38:04 INFO  : Processor reset is completed for ps7_cortexa9_0
22:38:20 INFO  : Processor reset is completed for ps7_cortexa9_0
22:38:46 INFO  : Processor reset is completed for ps7_cortexa9_0
22:39:12 INFO  : Processor reset is completed for ps7_cortexa9_0
22:39:32 INFO  : Processor reset is completed for ps7_cortexa9_0
22:40:11 INFO  : Processor reset is completed for ps7_cortexa9_0
22:40:29 INFO  : Processor reset is completed for ps7_cortexa9_0
22:40:48 INFO  : Processor reset is completed for ps7_cortexa9_0
22:41:36 INFO  : Processor reset is completed for ps7_cortexa9_0
22:44:15 INFO  : Processor reset is completed for ps7_cortexa9_0
22:44:43 INFO  : Processor reset is completed for ps7_cortexa9_0
22:45:16 INFO  : Processor reset is completed for ps7_cortexa9_0
22:45:33 INFO  : Processor reset is completed for ps7_cortexa9_0
22:45:59 INFO  : Processor reset is completed for ps7_cortexa9_0
22:46:11 INFO  : Processor reset is completed for ps7_cortexa9_0
22:47:01 INFO  : Processor reset is completed for ps7_cortexa9_0
22:47:11 INFO  : Processor reset is completed for ps7_cortexa9_0
22:47:44 INFO  : Processor reset is completed for ps7_cortexa9_0
22:47:49 INFO  : Processor reset is completed for ps7_cortexa9_0
22:48:05 INFO  : Processor reset is completed for ps7_cortexa9_0
22:48:11 INFO  : Processor reset is completed for ps7_cortexa9_0
22:48:18 INFO  : Processor reset is completed for ps7_cortexa9_0
22:48:22 INFO  : Processor reset is completed for ps7_cortexa9_0
22:48:27 INFO  : Processor reset is completed for ps7_cortexa9_0
22:48:32 INFO  : Processor reset is completed for ps7_cortexa9_0
22:50:00 INFO  : Launching XSDB server: xsdb.bat C:/Xilinx/SDK/2015.4/scripts/xsdb/xsdb/xsdb-server.tcl
22:53:00 ERROR : Timed out. 180 seconds have elapsed while waiting for XSDB server to launch.
22:53:00 WARN  : Unexpected exception occurred.
java.lang.Exception: java.lang.Error: Channel is waiting for Hello message
	at org.eclipse.tcf.core.Command.<init>(Command.java:83)
	at com.xilinx.sdk.xsdb.XSDBCommandManager$8.<init>(XSDBCommandManager.java:384)
	at com.xilinx.sdk.xsdb.XSDBCommandManager.issueTcfCmd(XSDBCommandManager.java:384)
	at com.xilinx.sdk.xsdb.XSDBCommandManager.access$4(XSDBCommandManager.java:381)
	at com.xilinx.sdk.xsdb.XSDBCommandManager$7.run(XSDBCommandManager.java:376)
	at org.eclipse.tcf.EventQueue.run(EventQueue.java:95)
	at java.lang.Thread.run(Thread.java:745)
Caused by: java.lang.Error: Channel is waiting for Hello message
	at org.eclipse.tcf.core.AbstractChannel.sendCommand(AbstractChannel.java:874)
	at org.eclipse.tcf.core.Command.<init>(Command.java:79)
	... 6 more
22:53:01 ERROR : Unexpected error while parsing XMD response ?: com.google.gson.JsonSyntaxException: com.google.gson.stream.MalformedJsonException: invalid number or unquoted string near 
21:49:01 INFO  : Launching XSDB server: xsdb.bat C:/Xilinx/SDK/2015.4/scripts/xsdb/xsdb/xsdb-server.tcl
21:49:04 INFO  : XSDB server has started successfully.
21:49:04 INFO  : Processing command line option -hwspec C:/Users/emink/Desktop/ekose/LED_controller/LED_controller.sdk/system_wrapper.hdf.
21:49:04 INFO  : Checking for hwspec changes in the project system_wrapper_hw_platform_0.
21:49:28 INFO  : ps7_init is completed.
21:49:28 INFO  : Processor reset is completed for ps7_cortexa9_0
21:49:58 INFO  : Processor reset is completed for ps7_cortexa9_0
21:50:46 INFO  : Processor reset is completed for ps7_cortexa9_0
21:51:31 INFO  : Processor reset is completed for ps7_cortexa9_0
21:52:01 INFO  : Processor reset is completed for ps7_cortexa9_0
21:52:26 INFO  : Processor reset is completed for ps7_cortexa9_0
21:52:38 INFO  : Processor reset is completed for ps7_cortexa9_0
21:55:28 ERROR : Unexpected error while parsing XMD response ?: com.google.gson.JsonSyntaxException: com.google.gson.stream.MalformedJsonException: invalid number or unquoted string near 
21:58:49 INFO  : Launching XSDB server: xsdb.bat C:/Xilinx/SDK/2015.4/scripts/xsdb/xsdb/xsdb-server.tcl
21:58:51 INFO  : XSDB server has started successfully.
21:58:51 INFO  : Processing command line option -hwspec C:/Users/emink/Desktop/ekose/LED_controller/LED_controller.sdk/system_wrapper.hdf.
21:58:51 INFO  : Checking for hwspec changes in the project system_wrapper_hw_platform_0.
22:53:47 INFO  : Launching XSDB server: xsdb.bat C:/Xilinx/SDK/2015.4/scripts/xsdb/xsdb/xsdb-server.tcl
22:53:49 INFO  : XSDB server has started successfully.
22:53:49 INFO  : Processing command line option -hwspec C:/Users/emink/Desktop/ekose/LED_controller/LED_controller.sdk/system_wrapper.hdf.
22:53:49 INFO  : Checking for hwspec changes in the project system_wrapper_hw_platform_0.
22:54:19 INFO  : ps7_init is completed.
22:54:19 INFO  : Processor reset is completed for ps7_cortexa9_0
22:54:26 ERROR : Unexpected error while parsing XMD response ?: com.google.gson.JsonSyntaxException: com.google.gson.stream.MalformedJsonException: invalid number or unquoted string near 
