#
# A fatal error has been detected by the Java Runtime Environment:
#
#  EXCEPTION_UNCAUGHT_CXX_EXCEPTION (0xe06d7363) at pc=0x00007ffef3a21f08, pid=2976, tid=2640
#
# JRE version: Java(TM) SE Runtime Environment (8.0_45-b15) (build 1.8.0_45-b15)
# Java VM: Java HotSpot(TM) 64-Bit Server VM (25.45-b02 mixed mode windows-amd64 compressed oops)
# Problematic frame:
# C  [KERNELBASE.dll+0x71f08]
#
# Failed to write core dump. Minidumps are not enabled by default on client versions of Windows
#
# If you would like to submit a bug report, please visit:
#   http://bugreport.java.com/bugreport/crash.jsp
#

---------------  T H R E A D  ---------------

Current thread (0x0000000013fd7800):  VMThread [stack: 0x0000000015cd0000,0x0000000015dd0000] [id=2640]

siginfo: ExceptionCode=0xe06d7363, ExceptionInformation=0x0000000019930520 0x0000000015dcf588 0x00007ffeeab82cb8 0x00007ffeeaad0000 

Registers:
RAX=0x0000000000000000, RBX=0x00007ffeeab82cb8, RCX=0x0000000000000000, RDX=0x0000000000000000
RSP=0x0000000015dcf3d0, RBP=0x0000000015dcf510, RSI=0x00000000ffffffff, RDI=0x00000000006ce1a0
R8 =0x0000000000000000, R9 =0x0000000000000000, R10=0x0000000000000000, R11=0x0000000000000000
R12=0x0000000000000001, R13=0x0000000000000008, R14=0x0000000000000000, R15=0xffffffffffffffff
RIP=0x00007ffef3a21f08, EFLAGS=0x0000000000000206

Top of Stack: (sp=0x0000000015dcf3d0)
0x0000000015dcf3d0:   0000000000000003 00007ffeeab82cb8
0x0000000015dcf3e0:   00000000ffffffff 00000000006ce1a0
0x0000000015dcf3f0:   00000001e06d7363 0000000000000000
0x0000000015dcf400:   00007ffef3a21f08 00007ffe00000004
0x0000000015dcf410:   0000000019930520 0000000015dcf588
0x0000000015dcf420:   00007ffeeab82cb8 00007ffeeaad0000
0x0000000015dcf430:   0000000000000001 00000000006ce1a0
0x0000000015dcf440:   00000000ffffffff 0000000015dcf520
0x0000000015dcf450:   0000000015dcf510 00007ffef727776f
0x0000000015dcf460:   0000000000000008 0000000000000000
0x0000000015dcf470:   0000000000002000 0000000000000008
0x0000000015dcf480:   00007ffeeab99000 00007ffeeaad0000
0x0000000015dcf490:   0000a06169629aec 00000000000003ff
0x0000000015dcf4a0:   00007ffeeab82cb8 00007ffeeab2e92c
0x0000000015dcf4b0:   00000000c0000001 0000000000000008
0x0000000015dcf4c0:   0000000000000001 00000000006ce1a0 

Instructions: (pc=0x00007ffef3a21f08)
0x00007ffef3a21ee8:   49 8b d1 44 0f 47 c0 44 89 44 24 38 49 c1 e0 03
0x00007ffef3a21ef8:   e8 27 b2 00 00 48 8d 4c 24 20 ff 15 e8 a7 05 00
0x00007ffef3a21f08:   48 8b 8c 24 c0 00 00 00 48 33 cc e8 98 7a 00 00
0x00007ffef3a21f18:   48 81 c4 d8 00 00 00 c3 83 64 24 38 00 eb d6 cc 


Register to memory mapping:

RAX=0x0000000000000000 is an unknown value
RBX=0x00007ffeeab82cb8 is an unknown value
RCX=0x0000000000000000 is an unknown value
RDX=0x0000000000000000 is an unknown value
RSP=0x0000000015dcf3d0 is an unknown value
RBP=0x0000000015dcf510 is an unknown value
RSI=0x00000000ffffffff is an unallocated location in the heap
RDI=0x00000000006ce1a0 is an unknown value
R8 =0x0000000000000000 is an unknown value
R9 =0x0000000000000000 is an unknown value
R10=0x0000000000000000 is an unknown value
R11=0x0000000000000000 is an unknown value
R12=0x0000000000000001 is an unknown value
R13=0x0000000000000008 is an unknown value
R14=0x0000000000000000 is an unknown value
R15=0xffffffffffffffff is an unknown value


Stack: [0x0000000015cd0000,0x0000000015dd0000],  sp=0x0000000015dcf3d0,  free space=1020k
Native frames: (J=compiled Java code, j=interpreted, Vv=VM code, C=native code)
C  [KERNELBASE.dll+0x71f08]
C  [MSVCR110.dll+0x5e92c]
C  [MSVCR110.dll+0x1315c]
C  [MSVCR110.dll+0x136a9]
C  [MSVCR110.dll+0x13e9c]
C  [MSVCR110.dll+0x239e]
C  [MSVCR110.dll+0xaf9e]
C  [MSVCP110.dll+0x397b9]
C  [librdi_common.dll+0x14283e]
C  [librdi_common.dll+0x141449]
C  [librdi_target_manager.dll+0x2400]
C  [librdi_target_manager.dll+0x2682]
C  [ntdll.dll+0x15208]
C  [ntdll.dll+0x5b2aa]
C  [ntdll.dll+0x5b13a]
C  [KERNEL32.DLL+0x24d8a]
C  [MSVCR100.dll+0x20ccd]
V  [jvm.dll+0x20f135]
V  [jvm.dll+0x247ef7]
V  [jvm.dll+0x247196]
V  [jvm.dll+0x247631]
V  [jvm.dll+0x24784e]
V  [jvm.dll+0x29853a]
C  [MSVCR100.dll+0x21d9f]
C  [MSVCR100.dll+0x21e3b]
C  [KERNEL32.DLL+0x18102]
C  [ntdll.dll+0x5c574]

VM_Operation (0x000000000014f500): Exit, mode: safepoint, requested by thread 0x0000000002672800


---------------  P R O C E S S  ---------------

Java Threads: ( => current thread )
  0x0000000016ef5800 JavaThread "pool-2-thread-7" [_thread_blocked, id=4588, stack(0x000000002df20000,0x000000002e020000)]
  0x0000000016ef2800 JavaThread "pool-2-thread-6" [_thread_blocked, id=4632, stack(0x000000002d120000,0x000000002d220000)]
  0x0000000016eee000 JavaThread "pool-2-thread-5" [_thread_blocked, id=1904, stack(0x000000002bd20000,0x000000002be20000)]
  0x0000000016ee7000 JavaThread "pool-2-thread-4" [_thread_blocked, id=5412, stack(0x000000002af20000,0x000000002b020000)]
  0x0000000016ee8800 JavaThread "pool-2-thread-3" [_thread_blocked, id=5632, stack(0x0000000028a20000,0x0000000028b20000)]
  0x0000000016ee6800 JavaThread "pool-2-thread-2" [_thread_blocked, id=4996, stack(0x0000000027020000,0x0000000027120000)]
  0x0000000016eeb000 JavaThread "pool-2-thread-1" [_thread_blocked, id=6812, stack(0x0000000026220000,0x0000000026320000)]
  0x00000000186bc000 JavaThread "Thread-19" daemon [_thread_blocked, id=4292, stack(0x0000000026020000,0x0000000026120000)]
  0x00000000197fa800 JavaThread "TCF Locator DNS Lookup" daemon [_thread_blocked, id=4904, stack(0x00000000211c0000,0x00000000212c0000)]
  0x00000000197f5000 JavaThread "TCF Locator Timer" daemon [_thread_blocked, id=5792, stack(0x00000000210c0000,0x00000000211c0000)]
  0x00000000197f9000 JavaThread "TCF Locator Receiver" daemon [_thread_in_native, id=672, stack(0x0000000020fc0000,0x00000000210c0000)]
  0x00000000197f4800 JavaThread "TCF Timer Dispatcher" daemon [_thread_blocked, id=7036, stack(0x00000000208f0000,0x00000000209f0000)]
  0x00000000182ac000 JavaThread "EMF Reference Cleaner" daemon [_thread_blocked, id=1128, stack(0x000000001a750000,0x000000001a850000)]
  0x000000001605e800 JavaThread "Service Thread" daemon [_thread_blocked, id=1040, stack(0x00000000169d0000,0x0000000016ad0000)]
  0x0000000013fec000 JavaThread "C1 CompilerThread3" daemon [_thread_blocked, id=3656, stack(0x00000000168d0000,0x00000000169d0000)]
  0x0000000016006000 JavaThread "C2 CompilerThread2" daemon [_thread_blocked, id=3220, stack(0x00000000167d0000,0x00000000168d0000)]
  0x0000000015fff800 JavaThread "C2 CompilerThread1" daemon [_thread_blocked, id=632, stack(0x00000000166d0000,0x00000000167d0000)]
  0x0000000015ffd800 JavaThread "C2 CompilerThread0" daemon [_thread_blocked, id=4392, stack(0x00000000165d0000,0x00000000166d0000)]
  0x000000001600e000 JavaThread "Attach Listener" daemon [_thread_blocked, id=3556, stack(0x00000000164d0000,0x00000000165d0000)]
  0x000000001600d800 JavaThread "Signal Dispatcher" daemon [_thread_blocked, id=3336, stack(0x00000000163d0000,0x00000000164d0000)]
  0x000000000276b800 JavaThread "Finalizer" daemon [_thread_blocked, id=3988, stack(0x0000000015ed0000,0x0000000015fd0000)]
  0x0000000002765000 JavaThread "Reference Handler" daemon [_thread_blocked, id=5000, stack(0x0000000015dd0000,0x0000000015ed0000)]
  0x0000000002672800 JavaThread "main" [_thread_blocked, id=2856, stack(0x0000000000050000,0x0000000000150000)]

Other Threads:
=>0x0000000013fd7800 VMThread [stack: 0x0000000015cd0000,0x0000000015dd0000] [id=2640]

VM state:at safepoint (shutting down)

VM Mutex/Monitor currently owned by a thread:  ([mutex/lock_event])
[0x000000000251e3a0] Threads_lock - owner thread: 0x0000000013fd7800

Heap:
 PSYoungGen      total 124928K, used 22322K [0x00000000f5580000, 0x00000000fea00000, 0x0000000100000000)
  eden space 98816K, 22% used [0x00000000f5580000,0x00000000f6b4c968,0x00000000fb600000)
  from space 26112K, 0% used [0x00000000fd080000,0x00000000fd080000,0x00000000fea00000)
  to   space 26624K, 0% used [0x00000000fb600000,0x00000000fb600000,0x00000000fd000000)
 ParOldGen       total 114688K, used 47382K [0x00000000e0000000, 0x00000000e7000000, 0x00000000f5580000)
  object space 114688K, 41% used [0x00000000e0000000,0x00000000e2e45a90,0x00000000e7000000)
 Metaspace       used 78466K, capacity 85140K, committed 85504K, reserved 1122304K
  class space    used 9549K, capacity 11666K, committed 11776K, reserved 1048576K

Card table byte_map: [0x0000000011b30000,0x0000000011c40000] byte_map_base: 0x0000000011430000

Marking Bits: (ParMarkBitMap*) 0x0000000071b34040
 Begin Bits: [0x00000000124f0000, 0x0000000012cf0000)
 End Bits:   [0x0000000012cf0000, 0x00000000134f0000)

Polling page: 0x0000000000610000

CodeCache: size=245760Kb used=31351Kb max_used=31528Kb free=214408Kb
 bounds [0x0000000002770000, 0x0000000004690000, 0x0000000011770000]
 total_blobs=9705 nmethods=8863 adapters=752
 compilation: enabled

Compilation events (10 events):
Event: 394.851 Thread 0x0000000013fec000 10895       3       org.eclipse.osgi.framework.internal.core.BundleHost::stopHook (1 bytes)
Event: 394.851 Thread 0x0000000013fec000 nmethod 10895 0x0000000003f45c10 code [0x0000000003f45d60, 0x0000000003f45eb0]
Event: 394.853 Thread 0x0000000013fec000 10904       3       java.io.File::list (33 bytes)
Event: 394.854 Thread 0x0000000013fec000 nmethod 10904 0x00000000040f5750 code [0x00000000040f5920, 0x00000000040f6068]
Event: 394.932 Thread 0x0000000013fec000 10905   !   3       org.eclipse.osgi.internal.baseadaptor.BaseStorage::compact (215 bytes)
Event: 394.935 Thread 0x0000000013fec000 nmethod 10905 0x0000000003381d90 code [0x00000000033821e0, 0x00000000033846a8]
Event: 395.041 Thread 0x0000000016006000 10906       4       java.io.File::isDirectory (43 bytes)
Event: 395.045 Thread 0x0000000016006000 nmethod 10906 0x00000000034f8b10 code [0x00000000034f8c60, 0x00000000034f8e68]
Event: 395.059 Thread 0x0000000013fec000 10907       3       org.eclipse.osgi.framework.internal.core.AbstractBundle::close (52 bytes)
Event: 395.059 Thread 0x0000000013fec000 nmethod 10907 0x000000000464f850 code [0x000000000464fa80, 0x0000000004650788]

GC Heap History (10 events):
Event: 263.912 GC heap before
{Heap before GC invocations=21 (full 7):
 PSYoungGen      total 126464K, used 1178K [0x00000000f5580000, 0x00000000fec00000, 0x0000000100000000)
  eden space 98816K, 0% used [0x00000000f5580000,0x00000000f5580000,0x00000000fb600000)
  from space 27648K, 4% used [0x00000000fd100000,0x00000000fd226aa0,0x00000000fec00000)
  to   space 27648K, 0% used [0x00000000fb600000,0x00000000fb600000,0x00000000fd100000)
 ParOldGen       total 114688K, used 47307K [0x00000000e0000000, 0x00000000e7000000, 0x00000000f5580000)
  object space 114688K, 41% used [0x00000000e0000000,0x00000000e2e32ce0,0x00000000e7000000)
 Metaspace       used 76811K, capacity 83198K, committed 83456K, reserved 1122304K
  class space    used 9377K, capacity 11471K, committed 11520K, reserved 1048576K
Event: 264.116 GC heap after
Heap after GC invocations=21 (full 7):
 PSYoungGen      total 126464K, used 0K [0x00000000f5580000, 0x00000000fec00000, 0x0000000100000000)
  eden space 98816K, 0% used [0x00000000f5580000,0x00000000f5580000,0x00000000fb600000)
  from space 27648K, 0% used [0x00000000fd100000,0x00000000fd100000,0x00000000fec00000)
  to   space 27648K, 0% used [0x00000000fb600000,0x00000000fb600000,0x00000000fd100000)
 ParOldGen       total 114688K, used 47127K [0x00000000e0000000, 0x00000000e7000000, 0x00000000f5580000)
  object space 114688K, 41% used [0x00000000e0000000,0x00000000e2e05f18,0x00000000e7000000)
 Metaspace       used 76811K, capacity 83198K, committed 83456K, reserved 1122304K
  class space    used 9377K, capacity 11471K, committed 11520K, reserved 1048576K
}
Event: 323.904 GC heap before
{Heap before GC invocations=22 (full 7):
 PSYoungGen      total 126464K, used 9891K [0x00000000f5580000, 0x00000000fec00000, 0x0000000100000000)
  eden space 98816K, 10% used [0x00000000f5580000,0x00000000f5f28d28,0x00000000fb600000)
  from space 27648K, 0% used [0x00000000fd100000,0x00000000fd100000,0x00000000fec00000)
  to   space 27648K, 0% used [0x00000000fb600000,0x00000000fb600000,0x00000000fd100000)
 ParOldGen       total 114688K, used 47127K [0x00000000e0000000, 0x00000000e7000000, 0x00000000f5580000)
  object space 114688K, 41% used [0x00000000e0000000,0x00000000e2e05f18,0x00000000e7000000)
 Metaspace       used 77253K, capacity 83678K, committed 83712K, reserved 1122304K
  class space    used 9410K, capacity 11503K, committed 11520K, reserved 1048576K
Event: 323.915 GC heap after
Heap after GC invocations=22 (full 7):
 PSYoungGen      total 99840K, used 896K [0x00000000f5580000, 0x00000000feb00000, 0x0000000100000000)
  eden space 98816K, 0% used [0x00000000f5580000,0x00000000f5580000,0x00000000fb600000)
  from space 1024K, 87% used [0x00000000fb600000,0x00000000fb6e0000,0x00000000fb700000)
  to   space 27136K, 0% used [0x00000000fd080000,0x00000000fd080000,0x00000000feb00000)
 ParOldGen       total 114688K, used 47199K [0x00000000e0000000, 0x00000000e7000000, 0x00000000f5580000)
  object space 114688K, 41% used [0x00000000e0000000,0x00000000e2e17f28,0x00000000e7000000)
 Metaspace       used 77253K, capacity 83678K, committed 83712K, reserved 1122304K
  class space    used 9410K, capacity 11503K, committed 11520K, reserved 1048576K
}
Event: 323.915 GC heap before
{Heap before GC invocations=23 (full 8):
 PSYoungGen      total 99840K, used 896K [0x00000000f5580000, 0x00000000feb00000, 0x0000000100000000)
  eden space 98816K, 0% used [0x00000000f5580000,0x00000000f5580000,0x00000000fb600000)
  from space 1024K, 87% used [0x00000000fb600000,0x00000000fb6e0000,0x00000000fb700000)
  to   space 27136K, 0% used [0x00000000fd080000,0x00000000fd080000,0x00000000feb00000)
 ParOldGen       total 114688K, used 47199K [0x00000000e0000000, 0x00000000e7000000, 0x00000000f5580000)
  object space 114688K, 41% used [0x00000000e0000000,0x00000000e2e17f28,0x00000000e7000000)
 Metaspace       used 77253K, capacity 83678K, committed 83712K, reserved 1122304K
  class space    used 9410K, capacity 11503K, committed 11520K, reserved 1048576K
Event: 324.181 GC heap after
Heap after GC invocations=23 (full 8):
 PSYoungGen      total 99840K, used 0K [0x00000000f5580000, 0x00000000feb00000, 0x0000000100000000)
  eden space 98816K, 0% used [0x00000000f5580000,0x00000000f5580000,0x00000000fb600000)
  from space 1024K, 0% used [0x00000000fb600000,0x00000000fb600000,0x00000000fb700000)
  to   space 27136K, 0% used [0x00000000fd080000,0x00000000fd080000,0x00000000feb00000)
 ParOldGen       total 114688K, used 47263K [0x00000000e0000000, 0x00000000e7000000, 0x00000000f5580000)
  object space 114688K, 41% used [0x00000000e0000000,0x00000000e2e27c28,0x00000000e7000000)
 Metaspace       used 77253K, capacity 83678K, committed 83712K, reserved 1122304K
  class space    used 9410K, capacity 11503K, committed 11520K, reserved 1048576K
}
Event: 393.030 GC heap before
{Heap before GC invocations=24 (full 8):
 PSYoungGen      total 99840K, used 11750K [0x00000000f5580000, 0x00000000feb00000, 0x0000000100000000)
  eden space 98816K, 11% used [0x00000000f5580000,0x00000000f60f9870,0x00000000fb600000)
  from space 1024K, 0% used [0x00000000fb600000,0x00000000fb600000,0x00000000fb700000)
  to   space 27136K, 0% used [0x00000000fd080000,0x00000000fd080000,0x00000000feb00000)
 ParOldGen       total 114688K, used 47263K [0x00000000e0000000, 0x00000000e7000000, 0x00000000f5580000)
  object space 114688K, 41% used [0x00000000e0000000,0x00000000e2e27c28,0x00000000e7000000)
 Metaspace       used 77529K, capacity 83966K, committed 84096K, reserved 1122304K
  class space    used 9438K, capacity 11535K, committed 11648K, reserved 1048576K
Event: 393.041 GC heap after
Heap after GC invocations=24 (full 8):
 PSYoungGen      total 124928K, used 631K [0x00000000f5580000, 0x00000000fea00000, 0x0000000100000000)
  eden space 98816K, 0% used [0x00000000f5580000,0x00000000f5580000,0x00000000fb600000)
  from space 26112K, 2% used [0x00000000fd080000,0x00000000fd11dcb8,0x00000000fea00000)
  to   space 26624K, 0% used [0x00000000fb600000,0x00000000fb600000,0x00000000fd000000)
 ParOldGen       total 114688K, used 47263K [0x00000000e0000000, 0x00000000e7000000, 0x00000000f5580000)
  object space 114688K, 41% used [0x00000000e0000000,0x00000000e2e27c28,0x00000000e7000000)
 Metaspace       used 77529K, capacity 83966K, committed 84096K, reserved 1122304K
  class space    used 9438K, capacity 11535K, committed 11648K, reserved 1048576K
}
Event: 393.041 GC heap before
{Heap before GC invocations=25 (full 9):
 PSYoungGen      total 124928K, used 631K [0x00000000f5580000, 0x00000000fea00000, 0x0000000100000000)
  eden space 98816K, 0% used [0x00000000f5580000,0x00000000f5580000,0x00000000fb600000)
  from space 26112K, 2% used [0x00000000fd080000,0x00000000fd11dcb8,0x00000000fea00000)
  to   space 26624K, 0% used [0x00000000fb600000,0x00000000fb600000,0x00000000fd000000)
 ParOldGen       total 114688K, used 47263K [0x00000000e0000000, 0x00000000e7000000, 0x00000000f5580000)
  object space 114688K, 41% used [0x00000000e0000000,0x00000000e2e27c28,0x00000000e7000000)
 Metaspace       used 77529K, capacity 83966K, committed 84096K, reserved 1122304K
  class space    used 9438K, capacity 11535K, committed 11648K, reserved 1048576K
Event: 393.383 GC heap after
Heap after GC invocations=25 (full 9):
 PSYoungGen      total 124928K, used 0K [0x00000000f5580000, 0x00000000fea00000, 0x0000000100000000)
  eden space 98816K, 0% used [0x00000000f5580000,0x00000000f5580000,0x00000000fb600000)
  from space 26112K, 0% used [0x00000000fd080000,0x00000000fd080000,0x00000000fea00000)
  to   space 26624K, 0% used [0x00000000fb600000,0x00000000fb600000,0x00000000fd000000)
 ParOldGen       total 114688K, used 47382K [0x00000000e0000000, 0x00000000e7000000, 0x00000000f5580000)
  object space 114688K, 41% used [0x00000000e0000000,0x00000000e2e45a90,0x00000000e7000000)
 Metaspace       used 77529K, capacity 83966K, committed 84096K, reserved 1122304K
  class space    used 9438K, capacity 11535K, committed 11648K, reserved 1048576K
}

Deoptimization events (10 events):
Event: 394.173 Thread 0x0000000002672800 Uncommon trap: reason=bimorphic action=maybe_recompile pc=0x000000000463280c method=org.eclipse.e4.core.internal.contexts.ContextObjectSupplier$ContextInjectionListener.update(Lorg/eclipse/e4/core/contexts/IEclipseContext;I[Ljava/lang/Object;)Z @ 189
Event: 394.173 Thread 0x0000000002672800 Uncommon trap: reason=bimorphic action=maybe_recompile pc=0x000000000463280c method=org.eclipse.e4.core.internal.contexts.ContextObjectSupplier$ContextInjectionListener.update(Lorg/eclipse/e4/core/contexts/IEclipseContext;I[Ljava/lang/Object;)Z @ 189
Event: 394.174 Thread 0x0000000002672800 Uncommon trap: reason=bimorphic action=maybe_recompile pc=0x000000000463280c method=org.eclipse.e4.core.internal.contexts.ContextObjectSupplier$ContextInjectionListener.update(Lorg/eclipse/e4/core/contexts/IEclipseContext;I[Ljava/lang/Object;)Z @ 189
Event: 394.174 Thread 0x0000000002672800 Uncommon trap: reason=bimorphic action=maybe_recompile pc=0x000000000463280c method=org.eclipse.e4.core.internal.contexts.ContextObjectSupplier$ContextInjectionListener.update(Lorg/eclipse/e4/core/contexts/IEclipseContext;I[Ljava/lang/Object;)Z @ 189
Event: 394.239 Thread 0x00000000186ba800 Uncommon trap: reason=unstable_if action=reinterpret pc=0x00000000028dc4e4 method=sun.nio.cs.SingleByte$Encoder.encode(C)I @ 13
Event: 394.249 Thread 0x0000000002672800 Uncommon trap: reason=unstable_if action=reinterpret pc=0x000000000418b768 method=org.eclipse.core.internal.localstore.FileSystemResourceManager.getStoreRoot(Lorg/eclipse/core/resources/IResource;)Lorg/eclipse/core/internal/localstore/FileStoreRoot; @ 17
Event: 394.249 Thread 0x0000000002672800 Uncommon trap: reason=unstable_if action=reinterpret pc=0x00000000042e4d90 method=org.eclipse.core.internal.localstore.FileStoreRoot.getManager(Lorg/eclipse/core/runtime/IPath;)Lorg/eclipse/core/resources/IPathVariableManager; @ 18
Event: 394.795 Thread 0x0000000002672800 Uncommon trap: reason=null_check action=make_not_entrant pc=0x000000000328cf04 method=org.eclipse.core.runtime.internal.adaptor.EclipseLazyStarter.shouldActivateFor(Ljava/lang/String;Lorg/eclipse/osgi/baseadaptor/BaseData;Lorg/eclipse/core/runtime/internal29u–…¨x@
Event: 394.799 Thread 0x0000000017836800 Uncommon trap: reason=unstable_if action=reinterpret pc=0x000000000331bcdc method=org.eclipse.osgi.framework.internal.core.BundleContextImpl.dispatchEvent(Ljava/lang/Object;Ljava/lang/Object;ILjava/lang/Object;)V @ 16
Event: 394.840 Thread 0x00000000186b0800 Uncommon trap: reason=unstable_if action=reinterpret pc=0x00000000044ede34 method=org.eclipse.core.internal.jobs.JobManager.nextJob()Lorg/eclipse/core/runtime/jobs/Job; @ 80

Internal exceptions (10 events):
Event: 393.689 Thread 0x00000000186b7000 Exception <a 'java/lang/InterruptedException'> (0x00000000f5835a28) thrown at [C:\re\workspace\8-2-build-windows-amd64-cygwin\jdk8u45\3627\hotspot\src\share\vm\runtime\objectMonitor.cpp, line 1683]
Event: 393.762 Thread 0x0000000002672800 Implicit null exception at 0x0000000003c0a6cc to 0x0000000003c0a729
Event: 393.763 Thread 0x0000000002672800 Implicit null exception at 0x00000000040bad69 to 0x00000000040bbc59
Event: 393.808 Thread 0x0000000002672800 Implicit null exception at 0x00000000030999d3 to 0x0000000003099a6e
Event: 394.237 Thread 0x00000000186ba000 Exception <a 'java/lang/InterruptedException'> (0x00000000f652ec40) thrown at [C:\re\workspace\8-2-build-windows-amd64-cygwin\jdk8u45\3627\hotspot\src\share\vm\runtime\objectMonitor.cpp, line 1683]
Event: 394.795 Thread 0x0000000002672800 Implicit null exception at 0x000000000328bc9b to 0x000000000328cef5
Event: 394.853 Thread 0x00000000171a2800 Exception <a 'java/lang/InterruptedException': sleep interrupted> (0x00000000f6818030) thrown at [C:\re\workspace\8-2-build-windows-amd64-cygwin\jdk8u45\3627\hotspot\src\share\vm\prims\jvm.cpp, line 3211]
Event: 394.854 Thread 0x0000000019c0d800 Exception <a 'java/lang/InterruptedException'> (0x00000000f690f080) thrown at [C:\re\workspace\8-2-build-windows-amd64-cygwin\jdk8u45\3627\hotspot\src\share\vm\runtime\objectMonitor.cpp, line 1683]
Event: 394.855 Thread 0x000000001723f000 Exception <a 'java/lang/InterruptedException'> (0x00000000f6931d48) thrown at [C:\re\workspace\8-2-build-windows-amd64-cygwin\jdk8u45\3627\hotspot\src\share\vm\runtime\objectMonitor.cpp, line 1683]
Event: 395.059 Thread 0x0000000017836800 Exception <a 'java/lang/InterruptedException'> (0x00000000f6816970) thrown at [C:\re\workspace\8-2-build-windows-amd64-cygwin\jdk8u45\3627\hotspot\src\share\vm\runtime\objectMonitor.cpp, line 1683]

Events (10 events):
Event: 394.855 Thread 0x000000001723f000 Thread exited: 0x000000001723f000
Event: 395.059 Thread 0x0000000017836800 Thread exited: 0x0000000017836800
Event: 395.059 Thread 0x0000000016fef800 Thread exited: 0x0000000016fef800
Event: 395.059 loading class java/util/IdentityHashMap$KeyIterator
Event: 395.059 loading class java/util/IdentityHashMap$IdentityHashMapIterator
Event: 395.059 loading class java/util/IdentityHashMap$IdentityHashMapIterator done
Event: 395.059 loading class java/util/IdentityHashMap$KeyIterator done
Event: 395.060 Thread 0x0000000016ee8000 Thread added: 0x0000000016ee8000
Event: 395.060 Thread 0x0000000016ee8000 Thread exited: 0x0000000016ee8000
Event: 395.061 Executing VM operation: Exit


Dynamic libraries:
0x0000000000400000 - 0x000000000044f000 	C:\Xilinx\SDK\2015.4\eclipse\win64.o\eclipse.exe
0x00007ffef7240000 - 0x00007ffef7401000 	C:\WINDOWS\SYSTEM32\ntdll.dll
0x00007ffef6960000 - 0x00007ffef6a0d000 	C:\WINDOWS\system32\KERNEL32.DLL
0x00007ffef39b0000 - 0x00007ffef3b98000 	C:\WINDOWS\system32\KERNELBASE.dll
0x00007ffef7070000 - 0x00007ffef71c6000 	C:\WINDOWS\system32\USER32.dll
0x00007ffef5e70000 - 0x00007ffef5ff6000 	C:\WINDOWS\system32\GDI32.dll
0x00007ffef60d0000 - 0x00007ffef616d000 	C:\WINDOWS\system32\msvcrt.dll
0x00007ffeec7d0000 - 0x00007ffeeca44000 	C:\WINDOWS\WinSxS\amd64_microsoft.windows.common-controls_6595b64144ccf1df_6.0.10586.0_none_8c15ae12515e1c22\COMCTL32.dll
0x00007ffef61d0000 - 0x00007ffef644d000 	C:\WINDOWS\system32\combase.dll
0x00007ffef5ba0000 - 0x00007ffef5cbc000 	C:\WINDOWS\system32\RPCRT4.dll
0x00007ffef3d70000 - 0x00007ffef3dda000 	C:\WINDOWS\system32\bcryptPrimitives.dll
0x00007ffef6180000 - 0x00007ffef61bb000 	C:\WINDOWS\system32\IMM32.DLL
0x0000000072000000 - 0x0000000072012000 	C:\Xilinx\SDK\2015.4\eclipse\win64.o\plugins\org.eclipse.equinox.launcher.win32.win32.x86_64_1.1.200.v20140116-2212\eclipse_1503.dll
0x00007ffef6a10000 - 0x00007ffef6ab7000 	C:\WINDOWS\system32\ADVAPI32.dll
0x00007ffef6630000 - 0x00007ffef668b000 	C:\WINDOWS\system32\sechost.dll
0x00007ffeefe10000 - 0x00007ffeefe1a000 	C:\WINDOWS\SYSTEM32\VERSION.dll
0x00007ffef21e0000 - 0x00007ffef2276000 	C:\WINDOWS\system32\uxtheme.dll
0x00007ffef6800000 - 0x00007ffef695a000 	C:\WINDOWS\system32\MSCTF.dll
0x0000000071330000 - 0x0000000071bb3000 	C:\Xilinx\SDK\2015.4\tps\win64\jre\bin\server\jvm.dll
0x00007ffef61c0000 - 0x00007ffef61c8000 	C:\WINDOWS\system32\PSAPI.DLL
0x00007ffeed510000 - 0x00007ffeed519000 	C:\WINDOWS\SYSTEM32\WSOCK32.dll
0x00007ffef1830000 - 0x00007ffef1853000 	C:\WINDOWS\SYSTEM32\WINMM.dll
0x0000000071f20000 - 0x0000000071ff2000 	C:\WINDOWS\SYSTEM32\MSVCR100.dll
0x00007ffef6b20000 - 0x00007ffef6b8b000 	C:\WINDOWS\system32\WS2_32.dll
0x0000000002600000 - 0x000000000262c000 	C:\WINDOWS\SYSTEM32\WINMMBASE.dll
0x00007ffef3ef0000 - 0x00007ffef3f33000 	C:\WINDOWS\system32\cfgmgr32.dll
0x00000000711f0000 - 0x00000000711ff000 	C:\Xilinx\SDK\2015.4\tps\win64\jre\bin\verify.dll
0x00000000711c0000 - 0x00000000711e9000 	C:\Xilinx\SDK\2015.4\tps\win64\jre\bin\java.dll
0x00000000711a0000 - 0x00000000711b6000 	C:\Xilinx\SDK\2015.4\tps\win64\jre\bin\zip.dll
0x00007ffef4640000 - 0x00007ffef5b9c000 	C:\WINDOWS\system32\SHELL32.dll
0x00007ffef3ff0000 - 0x00007ffef4635000 	C:\WINDOWS\system32\windows.storage.dll
0x00007ffef6070000 - 0x00007ffef60c2000 	C:\WINDOWS\system32\shlwapi.dll
0x00007ffef38e0000 - 0x00007ffef38ef000 	C:\WINDOWS\system32\kernel.appcore.dll
0x00007ffef38f0000 - 0x00007ffef39a5000 	C:\WINDOWS\system32\shcore.dll
0x00007ffef3890000 - 0x00007ffef38db000 	C:\WINDOWS\system32\powrprof.dll
0x00007ffef3860000 - 0x00007ffef3874000 	C:\WINDOWS\system32\profapi.dll
0x00007ffef3240000 - 0x00007ffef3257000 	C:\WINDOWS\SYSTEM32\CRYPTSP.dll
0x00007ffef2ed0000 - 0x00007ffef2f04000 	C:\WINDOWS\system32\rsaenh.dll
0x00007ffef3790000 - 0x00007ffef37b9000 	C:\WINDOWS\SYSTEM32\bcrypt.dll
0x00007ffef3020000 - 0x00007ffef303f000 	C:\WINDOWS\SYSTEM32\USERENV.dll
0x00007ffef3360000 - 0x00007ffef336b000 	C:\WINDOWS\SYSTEM32\CRYPTBASE.dll
0x0000000071180000 - 0x000000007119a000 	C:\Xilinx\SDK\2015.4\tps\win64\jre\bin\net.dll
0x00007ffef3190000 - 0x00007ffef31ec000 	C:\WINDOWS\system32\mswsock.dll
0x00007ffeef000000 - 0x00007ffeef038000 	C:\WINDOWS\SYSTEM32\IPHLPAPI.DLL
0x00007ffef7230000 - 0x00007ffef7238000 	C:\WINDOWS\system32\NSI.dll
0x00007ffeeeea0000 - 0x00007ffeeeeb6000 	C:\WINDOWS\SYSTEM32\dhcpcsvc6.DLL
0x00007ffeeee80000 - 0x00007ffeeee9a000 	C:\WINDOWS\SYSTEM32\dhcpcsvc.DLL
0x0000000071160000 - 0x0000000071171000 	C:\Xilinx\SDK\2015.4\tps\win64\jre\bin\nio.dll
0x00007ffee6910000 - 0x00007ffee6926000 	C:\WINDOWS\system32\napinsp.dll
0x00007ffee68f0000 - 0x00007ffee690a000 	C:\WINDOWS\system32\pnrpnsp.dll
0x00007ffef17e0000 - 0x00007ffef17f8000 	C:\WINDOWS\system32\NLAapi.dll
0x00007ffef2280000 - 0x00007ffef232a000 	C:\WINDOWS\SYSTEM32\DNSAPI.dll
0x00007ffee69b0000 - 0x00007ffee69bd000 	C:\WINDOWS\System32\winrnr.dll
0x00007ffeeb1f0000 - 0x00007ffeeb1fa000 	C:\Windows\System32\rasadhlp.dll
0x00007ffeef050000 - 0x00007ffeef0b7000 	C:\WINDOWS\System32\fwpuclnt.dll
0x00007ffef6690000 - 0x00007ffef67d3000 	C:\WINDOWS\system32\ole32.dll
0x00007ffef6fc0000 - 0x00007ffef7067000 	C:\WINDOWS\system32\clbcatq.dll
0x0000000018dd0000 - 0x0000000018e78000 	C:\Users\emink\.Xilinx\SDK\2015.4\org.eclipse.osgi\bundles\303\1\.cp\swt-win32-4335.dll
0x00007ffef6560000 - 0x00007ffef6621000 	C:\WINDOWS\system32\OLEAUT32.dll
0x00007ffef6450000 - 0x00007ffef655b000 	C:\WINDOWS\system32\comdlg32.dll
0x00007ffef3e60000 - 0x00007ffef3ee6000 	C:\WINDOWS\system32\FirewallAPI.dll
0x00007ffef3de0000 - 0x00007ffef3df7000 	C:\WINDOWS\system32\NETAPI32.dll
0x00007ffef3ba0000 - 0x00007ffef3d67000 	C:\WINDOWS\system32\CRYPT32.dll
0x00007ffef3880000 - 0x00007ffef3890000 	C:\WINDOWS\system32\MSASN1.dll
0x00007ffeedb00000 - 0x00007ffeedb18000 	C:\WINDOWS\SYSTEM32\USP10.dll
0x00007ffeda910000 - 0x00007ffeda994000 	C:\WINDOWS\SYSTEM32\WINSPOOL.DRV
0x00007ffeed530000 - 0x00007ffeed53c000 	C:\WINDOWS\SYSTEM32\DAVHLPR.DLL
0x00007ffee7fb0000 - 0x00007ffee8259000 	C:\WINDOWS\SYSTEM32\WININET.dll
0x00007ffef25e0000 - 0x00007ffef2612000 	C:\WINDOWS\SYSTEM32\fwbase.dll
0x00007ffef1960000 - 0x00007ffef1982000 	C:\WINDOWS\system32\dwmapi.dll
0x00007ffef0e50000 - 0x00007ffef0fd6000 	C:\WINDOWS\SYSTEM32\propsys.dll
0x0000000018f10000 - 0x0000000018f2e000 	C:\Users\emink\.Xilinx\SDK\2015.4\org.eclipse.osgi\bundles\303\1\.cp\swt-gdip-win32-4335.dll
0x00007ffedc110000 - 0x00007ffedc2b8000 	C:\WINDOWS\WinSxS\amd64_microsoft.windows.gdiplus_6595b64144ccf1df_1.1.10586.20_none_db007f1392e69ef4\gdiplus.dll
0x00007ffef04a0000 - 0x00007ffef0651000 	C:\WINDOWS\SYSTEM32\WindowsCodecs.dll
0x0000000180000000 - 0x0000000180012000 	C:\Users\emink\.Xilinx\SDK\2015.4\org.eclipse.osgi\bundles\121\1\.cp\os\win32\x86_64\localfile_1_0_0.dll
0x00007ffedb290000 - 0x00007ffedb2a1000 	C:\Users\emink\.Xilinx\SDK\2015.4\org.eclipse.osgi\bundles\124\1\.cp\jWinHttp-1.0.0.dll
0x00007ffeede40000 - 0x00007ffeedf08000 	C:\WINDOWS\SYSTEM32\WINHTTP.dll
0x00007ffee7370000 - 0x00007ffee73da000 	C:\WINDOWS\SYSTEM32\oleacc.dll
0x00007ffeeb900000 - 0x00007ffeeb90f000 	C:\Xilinx\SDK\2015.4\lib\win64.o\librdi_repo_manager.dll
0x00007ffeace80000 - 0x00007ffead80d000 	C:\Xilinx\SDK\2015.4\lib\win64.o\librdi_common.dll
0x00007ffeacc90000 - 0x00007ffeace7c000 	C:\Xilinx\SDK\2015.4\lib\win64.o\librdi_hsm.dll
0x00007ffeeabb0000 - 0x00007ffeeac57000 	C:\WINDOWS\SYSTEM32\MSVCP110.dll
0x00007ffeeaad0000 - 0x00007ffeeaba4000 	C:\WINDOWS\SYSTEM32\MSVCR110.dll
0x00007ffed2fc0000 - 0x00007ffed3014000 	C:\Xilinx\SDK\2015.4\lib\win64.o\librdi_commonxillic.dll
0x00007ffeac920000 - 0x00007ffeacc8e000 	C:\Xilinx\SDK\2015.4\lib\win64.o\libCOIN-all.dll
0x00007ffed9ff0000 - 0x00007ffeda01a000 	C:\Xilinx\SDK\2015.4\lib\win64.o\libisl_sysinfo.dll
0x00007ffeac700000 - 0x00007ffeac91e000 	C:\Xilinx\SDK\2015.4\lib\win64.o\libXil_lmgr11.dll
0x00007ffeeb4f0000 - 0x00007ffeeb500000 	C:\Xilinx\SDK\2015.4\lib\win64.o\libboost_date_time.dll
0x00007ffed9e40000 - 0x00007ffed9e62000 	C:\Xilinx\SDK\2015.4\lib\win64.o\libboost_filesystem.dll
0x00007ffeb7240000 - 0x00007ffeb72b4000 	C:\Xilinx\SDK\2015.4\lib\win64.o\libboost_program_options.dll
0x00007ffef3e00000 - 0x00007ffef3e55000 	C:\WINDOWS\system32\WINTRUST.dll
0x00007ffeac600000 - 0x00007ffeac6fa000 	C:\Xilinx\SDK\2015.4\lib\win64.o\libboost_regex.dll
0x00007ffedb1b0000 - 0x00007ffedb1cd000 	C:\Xilinx\SDK\2015.4\lib\win64.o\libboost_thread.dll
0x00007ffee9d00000 - 0x00007ffee9d09000 	C:\Xilinx\SDK\2015.4\lib\win64.o\libboost_system.dll
0x00007ffedb0a0000 - 0x00007ffedb0b3000 	C:\Xilinx\SDK\2015.4\lib\win64.o\libboost_signals.dll
0x00007ffee9c50000 - 0x00007ffee9c5b000 	C:\Xilinx\SDK\2015.4\lib\win64.o\libboost_xilinx.dll
0x00007ffeac580000 - 0x00007ffeac600000 	C:\Xilinx\SDK\2015.4\lib\win64.o\libhdlpsolve.dll
0x00007ffeac4e0000 - 0x00007ffeac57a000 	C:\Xilinx\SDK\2015.4\lib\win64.o\libhdxml.dll
0x00007ffeac0a0000 - 0x00007ffeac4d4e00 	C:\Xilinx\SDK\2015.4\lib\win64.o\libisl_iostreams.dll
0x00007ffed8dc0000 - 0x00007ffed8dd5000 	C:\Xilinx\SDK\2015.4\lib\win64.o\pthreadVC2.dll
0x00007ffeabf70000 - 0x00007ffeac0a0000 	C:\Xilinx\SDK\2015.4\lib\win64.o\librdi_curl.dll
0x00007ffed89e0000 - 0x00007ffed89f8000 	C:\Xilinx\SDK\2015.4\lib\win64.o\librdiconfig.dll
0x00007ffee9840000 - 0x00007ffee99f8000 	C:\WINDOWS\SYSTEM32\urlmon.dll
0x0000000071200000 - 0x0000000071327000 	C:\Xilinx\SDK\2015.4\lib\win64.o\tcl85t.dll
0x0000000022520000 - 0x0000000022783000 	C:\Xilinx\SDK\2015.4\lib\win64.o\xerces-c_3_1.dll
0x00007ffed6440000 - 0x00007ffed6463000 	C:\Xilinx\SDK\2015.4\lib\win64.o\librdizlib.dll
0x00007ffee2ea0000 - 0x00007ffee2ec3000 	C:\WINDOWS\SYSTEM32\VCOMP110.DLL
0x00007ffeb1600000 - 0x00007ffeb1643000 	C:\Xilinx\SDK\2015.4\lib\win64.o\librdi_hdf.dll
0x00007ffeabd10000 - 0x00007ffeabf65000 	C:\Xilinx\SDK\2015.4\lib\win64.o\librdi_ippcw.dll
0x00007ffee9bf0000 - 0x00007ffee9bfb000 	C:\Xilinx\SDK\2015.4\lib\win64.o\libboost_chrono.dll
0x00007ffeb7210000 - 0x00007ffeb7233000 	C:\Xilinx\SDK\2015.4\lib\win64.o\libisl_iosutils.dll
0x00007ffed77a0000 - 0x00007ffed77b6000 	C:\Xilinx\SDK\2015.4\lib\win64.o\libboost_iostreams.dll
0x00007ffeec310000 - 0x00007ffeec693000 	C:\WINDOWS\SYSTEM32\iertutil.dll
0x00007ffee9370000 - 0x00007ffee9377000 	C:\WINDOWS\SYSTEM32\msimg32.dll
0x00007ffee53f0000 - 0x00007ffee5440000 	C:\WINDOWS\SYSTEM32\edputil.dll
0x00007ffeaa250000 - 0x00007ffeaaa60000 	C:\Xilinx\SDK\2015.4\lib\win64.o\libXil_lmgr11FNP.dll
0x00007ffef6b90000 - 0x00007ffef6fb9000 	C:\WINDOWS\system32\SETUPAPI.dll
0x00007ffeeec00000 - 0x00007ffeeec0c000 	C:\WINDOWS\SYSTEM32\snmpapi.dll
0x00007ffef3540000 - 0x00007ffef356d000 	C:\WINDOWS\SYSTEM32\SspiCli.dll
0x00007ffef2350000 - 0x00007ffef2377000 	C:\WINDOWS\SYSTEM32\DEVOBJ.dll
0x00007ffef2db0000 - 0x00007ffef2de1000 	C:\WINDOWS\SYSTEM32\ntmarta.dll
0x00007ffeab240000 - 0x00007ffeab256000 	C:\Xilinx\SDK\2015.4\eclipse\win64.o\plugins\org.eclipse.cdt.core.win32.x86_64_5.2.0.201402142303\os\win32\x86_64\spawner.dll
0x00007ffee78e0000 - 0x00007ffee78ea000 	C:\Xilinx\SDK\2015.4\lib\win64.o\librdi_jtag_settings.dll
0x00007ffeab210000 - 0x00007ffeab239000 	C:\Xilinx\SDK\2015.4\lib\win64.o\librdi_debug_dialog.dll
0x00007ffee5ff0000 - 0x00007ffee5ff8000 	C:\Xilinx\SDK\2015.4\lib\win64.o\librdi_target_manager.dll
0x0000000000600000 - 0x0000000000603000 	C:\WINDOWS\SYSTEM32\icmp.Dll
0x00007ffeef270000 - 0x00007ffeef27b000 	C:\WINDOWS\SYSTEM32\WINNSI.DLL
0x00007ffed8f40000 - 0x00007ffed90cc000 	C:\WINDOWS\SYSTEM32\dbghelp.dll

VM Arguments:
jvm_args: -Dcom.xilinx.sdk.args.hwspec=C:/Users/emink/Desktop/ekose/LED_controller/LED_controller.sdk/system_wrapper.hdf -Xms64m -Xmx512m & 
java_command: <unknown>
java_class_path (initial): C:\Xilinx\SDK\2015.4\eclipse\win64.o\\plugins/org.eclipse.equinox.launcher_1.3.0.v20130327-1440.jar
Launcher Type: generic

Environment Variables:
PATH=C:/Xilinx/SDK/2015.4/tps/win64/jre/bin/server;C:/Xilinx/SDK/2015.4/tps/win64/jre/bin;C:/Xilinx/SDK/2015.4/tps/win64/jre/lib/amd64;C:\Xilinx\SDK\2015.4\gnuwin\bin;C:\Xilinx\SDK\2015.4\gnu\microblaze\nt\bin;C:\Xilinx\SDK\2015.4\gnu\microblaze\linux_toolchain\nt64_le\bin;C:\Xilinx\SDK\2015.4\gnu\microblaze\linux_toolchain\nt64_be\bin;C:\Xilinx\SDK\2015.4\gnu\arm\nt\bin;C:\Xilinx\SDK\2015.4\gnu\aarch64\nt\aarch64-none\bin;C:\Xilinx\SDK\2015.4\gnu\aarch64\nt\aarch64-linux\bin;C:\Xilinx\SDK\2015.4\gnu\armr5\nt\gcc-arm-none-eabi\bin;C:\Xilinx\SDK\2015.4\gnu\aarch32\nt\gcc-arm-none-eabi\bin;C:\Xilinx\SDK\2015.4\gnu\aarch32\nt\gcc-arm-linux-gnueabi\bin;C:\Xilinx\SDK\2015.4\bin;C:\Xilinx\SDK\2015.4\lib\win64.o;C:\Xilinx\SDK\2015.4\tps\win64\jre\bin\server;C:\Xilinx\SDK\2015.4\tps\win64\jre\bin;C:\Xilinx\Vivado\2015.4\ids_lite\ISE\bin\nt64;C:\Xilinx\Vivado\2015.4\ids_lite\ISE\lib\nt64;C:\Xilinx\Vivado\2015.4\bin;C:\Xilinx\Vivado\2015.4\lib\win64.o;C:\Xilinx\Vivado\2015.4\tps\win64\jre\bin\server;C:\Xilinx\Vivado\2015.4\tps\win64\jre\bin;C:\Xilinx\Vivado_HLS\2015.4\bin;C:\ProgramData\Oracle\Java\javapath;C:\mentorgraphics\9.5PADS\SDD_HOME\common\win32\bin;C:\mentorgraphics\9.5PADS\SDD_HOME\common\win32\lib;C:\mentorgraphics\9.5PADS\MGC_HOME.ixn\bin;C:\mentorgraphics\9.5PADS\MGC_HOME.ixn\lib;C:\WINDOWS\system32;C:\WINDOWS;C:\WINDOWS\System32\Wbem;C:\WINDOWS\System32\WindowsPowerShell\v1.0\;C:\Program Files (x86)\ATI Technologies\ATI.ACE\Core-Static;C:\Program Files\TortoiseSVN\bin;C:\Program Files\MiKTeX 2.9\miktex\bin\x64\;;C:\Users\emink\Desktop\ekose\LED_controller;
USERNAME=emink
OS=Windows_NT
PROCESSOR_IDENTIFIER=AMD64 Family 21 Model 2 Stepping 0, AuthenticAMD



---------------  S Y S T E M  ---------------

OS: Windows 10.0 , 64 bit Build 10586 (10.0.10586.0)

CPU:total 8 (8 cores per cpu, 1 threads per core) family 21 model 2 stepping 0, cmov, cx8, fxsr, mmx, sse, sse2, sse3, ssse3, sse4.1, sse4.2, popcnt, avx, aes, clmul, mmxext, 3dnowpref, lzcnt, sse4a, tsc, tscinvbit, tscinv, bmi1

Memory: 4k page, physical 8348380k(4857444k free), swap 9659100k(5090752k free)

vm_info: Java HotSpot(TM) 64-Bit Server VM (25.45-b02) for windows-amd64 JRE (1.8.0_45-b15), built on Apr 30 2015 12:40:44 by "java_re" with MS VC++ 10.0 (VS2010)

time: Thu Feb 25 21:55:30 2016
elapsed time: 395 seconds (0d 0h 6m 35s)

