#
# A fatal error has been detected by the Java Runtime Environment:
#
#  EXCEPTION_UNCAUGHT_CXX_EXCEPTION (0xe06d7363) at pc=0x00007ffef3a21f08, pid=8132, tid=3444
#
# JRE version: Java(TM) SE Runtime Environment (8.0_45-b15) (build 1.8.0_45-b15)
# Java VM: Java HotSpot(TM) 64-Bit Server VM (25.45-b02 mixed mode windows-amd64 compressed oops)
# Problematic frame:
# C  [KERNELBASE.dll+0x71f08]
#
# Failed to write core dump. Minidumps are not enabled by default on client versions of Windows
#
# If you would like to submit a bug report, please visit:
#   http://bugreport.java.com/bugreport/crash.jsp
#

---------------  T H R E A D  ---------------

Current thread (0x0000000014897800):  VMThread [stack: 0x0000000016570000,0x0000000016670000] [id=3444]

siginfo: ExceptionCode=0xe06d7363, ExceptionInformation=0x0000000019930520 0x000000001666f408 0x00007ffeeab82cb8 0x00007ffeeaad0000 

Registers:
RAX=0x0000000000000000, RBX=0x00007ffeeab82cb8, RCX=0x0000000000000000, RDX=0x0000000000000000
RSP=0x000000001666f250, RBP=0x000000001666f390, RSI=0x00000000ffffffff, RDI=0x000000002051dd20
R8 =0x0000000000000000, R9 =0x0000000000000000, R10=0x0000000000000000, R11=0x0000000000000000
R12=0x0000000000000001, R13=0x0000000000000008, R14=0x0000000000000000, R15=0xffffffffffffffff
RIP=0x00007ffef3a21f08, EFLAGS=0x0000000000000202

Top of Stack: (sp=0x000000001666f250)
0x000000001666f250:   0000000000000006 00007ffeeab82cb8
0x000000001666f260:   00000000ffffffff 000000002051dd20
0x000000001666f270:   00000001e06d7363 0000000000000000
0x000000001666f280:   00007ffef3a21f08 00007ffe00000004
0x000000001666f290:   0000000019930520 000000001666f408
0x000000001666f2a0:   00007ffeeab82cb8 00007ffeeaad0000
0x000000001666f2b0:   0000000000000001 000000002051dd20
0x000000001666f2c0:   00000000ffffffff 000000001666f3a0
0x000000001666f2d0:   000000001666f390 00007ffef727776f
0x000000001666f2e0:   0000000000000008 0000000000000000
0x000000001666f2f0:   0000000000002000 0000000000000008
0x000000001666f300:   00007ffeeab99000 00007ffeeaad0000
0x000000001666f310:   0000945ce5210f3d 00000000000003ff
0x000000001666f320:   00007ffeeab82cb8 00007ffeeab2e92c
0x000000001666f330:   00000000c0000001 0000000000000008
0x000000001666f340:   0000000000000001 000000002051dd20 

Instructions: (pc=0x00007ffef3a21f08)
0x00007ffef3a21ee8:   49 8b d1 44 0f 47 c0 44 89 44 24 38 49 c1 e0 03
0x00007ffef3a21ef8:   e8 27 b2 00 00 48 8d 4c 24 20 ff 15 e8 a7 05 00
0x00007ffef3a21f08:   48 8b 8c 24 c0 00 00 00 48 33 cc e8 98 7a 00 00
0x00007ffef3a21f18:   48 81 c4 d8 00 00 00 c3 83 64 24 38 00 eb d6 cc 


Register to memory mapping:

RAX=0x0000000000000000 is an unknown value
RBX=0x00007ffeeab82cb8 is an unknown value
RCX=0x0000000000000000 is an unknown value
RDX=0x0000000000000000 is an unknown value
RSP=0x000000001666f250 is an unknown value
RBP=0x000000001666f390 is an unknown value
RSI=0x00000000ffffffff is an unallocated location in the heap
RDI=0x000000002051dd20 is an unknown value
R8 =0x0000000000000000 is an unknown value
R9 =0x0000000000000000 is an unknown value
R10=0x0000000000000000 is an unknown value
R11=0x0000000000000000 is an unknown value
R12=0x0000000000000001 is an unknown value
R13=0x0000000000000008 is an unknown value
R14=0x0000000000000000 is an unknown value
R15=0xffffffffffffffff is an unknown value


Stack: [0x0000000016570000,0x0000000016670000],  sp=0x000000001666f250,  free space=1020k
Native frames: (J=compiled Java code, j=interpreted, Vv=VM code, C=native code)
C  [KERNELBASE.dll+0x71f08]
C  [MSVCR110.dll+0x5e92c]
C  [MSVCR110.dll+0x1315c]
C  [MSVCR110.dll+0x136a9]
C  [MSVCR110.dll+0x13e9c]
C  [MSVCR110.dll+0x239e]
C  [MSVCR110.dll+0xaf9e]
C  [MSVCP110.dll+0x397b9]
C  [librdi_common.dll+0x14283e]
C  [librdi_common.dll+0x141449]
C  [librdi_target_manager.dll+0x2400]
C  [librdi_target_manager.dll+0x2682]
C  [ntdll.dll+0x15208]
C  [ntdll.dll+0x5b2aa]
C  [ntdll.dll+0x5b13a]
C  [KERNEL32.DLL+0x24d8a]
C  [MSVCR100.dll+0x20ccd]
V  [jvm.dll+0x20f135]
V  [jvm.dll+0x247ef7]
V  [jvm.dll+0x247196]
V  [jvm.dll+0x247631]
V  [jvm.dll+0x24784e]
V  [jvm.dll+0x29853a]
C  [MSVCR100.dll+0x21d9f]
C  [MSVCR100.dll+0x21e3b]
C  [KERNEL32.DLL+0x18102]
C  [ntdll.dll+0x5c574]

VM_Operation (0x000000000014f500): Exit, mode: safepoint, requested by thread 0x0000000002f32800


---------------  P R O C E S S  ---------------

Java Threads: ( => current thread )
  0x00000000196de000 JavaThread "Spawner Reaper" daemon [_thread_in_native, id=7376, stack(0x00000000294e0000,0x00000000295e0000)]
  0x00000000196e2800 JavaThread "pool-2-thread-2" [_thread_blocked, id=7308, stack(0x00000000293e0000,0x00000000294e0000)]
  0x00000000196dd800 JavaThread "pool-2-thread-1" [_thread_blocked, id=6916, stack(0x00000000285e0000,0x00000000286e0000)]
  0x000000001a36c800 JavaThread "Thread-20" daemon [_thread_blocked, id=1848, stack(0x00000000284e0000,0x00000000285e0000)]
  0x00000000168b0000 JavaThread "TCF Locator DNS Lookup" daemon [_thread_blocked, id=4400, stack(0x0000000022c60000,0x0000000022d60000)]
  0x00000000168af000 JavaThread "TCF Locator Timer" daemon [_thread_blocked, id=2700, stack(0x0000000022b60000,0x0000000022c60000)]
  0x00000000168b6000 JavaThread "TCF Locator Receiver" daemon [_thread_in_native, id=2984, stack(0x0000000022a60000,0x0000000022b60000)]
  0x00000000168b3000 JavaThread "TCF Timer Dispatcher" daemon [_thread_blocked, id=744, stack(0x0000000022860000,0x0000000022960000)]
  0x0000000018914000 JavaThread "EMF Reference Cleaner" daemon [_thread_blocked, id=3000, stack(0x000000001b1d0000,0x000000001b2d0000)]
  0x00000000148ae000 JavaThread "Service Thread" daemon [_thread_blocked, id=4112, stack(0x0000000017270000,0x0000000017370000)]
  0x00000000168b2000 JavaThread "C1 CompilerThread3" daemon [_thread_blocked, id=2092, stack(0x0000000017170000,0x0000000017270000)]
  0x00000000168aa800 JavaThread "C2 CompilerThread2" daemon [_thread_blocked, id=5404, stack(0x0000000017070000,0x0000000017170000)]
  0x00000000168a3800 JavaThread "C2 CompilerThread1" daemon [_thread_blocked, id=5928, stack(0x0000000016f70000,0x0000000017070000)]
  0x00000000168a1800 JavaThread "C2 CompilerThread0" daemon [_thread_blocked, id=6344, stack(0x0000000016e70000,0x0000000016f70000)]
  0x000000001689f800 JavaThread "Attach Listener" daemon [_thread_blocked, id=520, stack(0x0000000016d70000,0x0000000016e70000)]
  0x000000001489d000 JavaThread "Finalizer" daemon [_thread_blocked, id=7520, stack(0x0000000016770000,0x0000000016870000)]
  0x000000001489b800 JavaThread "Reference Handler" daemon [_thread_blocked, id=7436, stack(0x0000000016670000,0x0000000016770000)]
  0x0000000002f32800 JavaThread "main" [_thread_blocked, id=5688, stack(0x0000000000050000,0x0000000000150000)]

Other Threads:
=>0x0000000014897800 VMThread [stack: 0x0000000016570000,0x0000000016670000] [id=3444]

VM state:at safepoint (shutting down)

VM Mutex/Monitor currently owned by a thread:  ([mutex/lock_event])
[0x00000000005fe290] Threads_lock - owner thread: 0x0000000014897800

Heap:
 PSYoungGen      total 112640K, used 44836K [0x00000000f5580000, 0x00000000fe200000, 0x0000000100000000)
  eden space 83456K, 53% used [0x00000000f5580000,0x00000000f81491b0,0x00000000fa700000)
  from space 29184K, 0% used [0x00000000fa700000,0x00000000fa700000,0x00000000fc380000)
  to   space 29696K, 0% used [0x00000000fc500000,0x00000000fc500000,0x00000000fe200000)
 ParOldGen       total 116736K, used 50193K [0x00000000e0000000, 0x00000000e7200000, 0x00000000f5580000)
  object space 116736K, 42% used [0x00000000e0000000,0x00000000e31044b0,0x00000000e7200000)
 Metaspace       used 82015K, capacity 88614K, committed 88832K, reserved 1126400K
  class space    used 10296K, capacity 12424K, committed 12544K, reserved 1048576K

Card table byte_map: [0x00000000123f0000,0x0000000012500000] byte_map_base: 0x0000000011cf0000

Marking Bits: (ParMarkBitMap*) 0x0000000002ea4040
 Begin Bits: [0x0000000012db0000, 0x00000000135b0000)
 End Bits:   [0x00000000135b0000, 0x0000000013db0000)

Polling page: 0x00000000005a0000

CodeCache: size=245760Kb used=25019Kb max_used=25025Kb free=220740Kb
 bounds [0x0000000003030000, 0x00000000048d0000, 0x0000000012030000]
 total_blobs=7942 nmethods=7101 adapters=750
 compilation: enabled

Compilation events (10 events):
Event: 82.434 Thread 0x00000000168b2000 8608       3       java.io.File::list (33 bytes)
Event: 82.434 Thread 0x00000000168b2000 nmethod 8608 0x0000000003c5c010 code [0x0000000003c5c1e0, 0x0000000003c5c928]
Event: 82.460 Thread 0x00000000168b2000 8609   !   3       org.eclipse.osgi.internal.baseadaptor.BaseStorage::compact (215 bytes)
Event: 82.462 Thread 0x00000000168b2000 nmethod 8609 0x00000000048c4f50 code [0x00000000048c53a0, 0x00000000048c7868]
Event: 82.510 Thread 0x00000000168aa800 8610       4       java.io.WinNTFileSystem::resolve (231 bytes)
Event: 82.519 Thread 0x00000000168aa800 nmethod 8610 0x00000000048cad50 code [0x00000000048caee0, 0x00000000048cb7b8]
Event: 82.564 Thread 0x00000000168a1800 8611       4       java.io.File::isDirectory (43 bytes)
Event: 82.567 Thread 0x00000000168a1800 nmethod 8611 0x0000000003479c90 code [0x0000000003479de0, 0x0000000003479fe8]
Event: 82.569 Thread 0x00000000168b2000 8612       3       org.eclipse.osgi.framework.internal.core.AbstractBundle::close (52 bytes)
Event: 82.569 Thread 0x00000000168b2000 nmethod 8612 0x00000000036b0a50 code [0x00000000036b0c80, 0x00000000036b1988]

GC Heap History (10 events):
Event: 7.028 GC heap before
{Heap before GC invocations=11 (full 3):
 PSYoungGen      total 83968K, used 61952K [0x00000000f5580000, 0x00000000fd780000, 0x0000000100000000)
  eden space 61952K, 100% used [0x00000000f5580000,0x00000000f9200000,0x00000000f9200000)
  from space 22016K, 0% used [0x00000000f9200000,0x00000000f9200000,0x00000000fa780000)
  to   space 24064K, 0% used [0x00000000fc000000,0x00000000fc000000,0x00000000fd780000)
 ParOldGen       total 116736K, used 36941K [0x00000000e0000000, 0x00000000e7200000, 0x00000000f5580000)
  object space 116736K, 31% used [0x00000000e0000000,0x00000000e2413478,0x00000000e7200000)
 Metaspace       used 59230K, capacity 63938K, committed 64128K, reserved 1103872K
  class space    used 7347K, capacity 8774K, committed 8832K, reserved 1048576K
Event: 7.040 GC heap after
Heap after GC invocations=11 (full 3):
 PSYoungGen      total 90624K, used 9842K [0x00000000f5580000, 0x00000000fcd80000, 0x0000000100000000)
  eden space 76800K, 0% used [0x00000000f5580000,0x00000000f5580000,0x00000000fa080000)
  from space 13824K, 71% used [0x00000000fc000000,0x00000000fc99cbd8,0x00000000fcd80000)
  to   space 23040K, 0% used [0x00000000fa080000,0x00000000fa080000,0x00000000fb700000)
 ParOldGen       total 116736K, used 36949K [0x00000000e0000000, 0x00000000e7200000, 0x00000000f5580000)
  object space 116736K, 31% used [0x00000000e0000000,0x00000000e2415478,0x00000000e7200000)
 Metaspace       used 59230K, capacity 63938K, committed 64128K, reserved 1103872K
  class space    used 7347K, capacity 8774K, committed 8832K, reserved 1048576K
}
Event: 18.248 GC heap before
{Heap before GC invocations=12 (full 3):
 PSYoungGen      total 90624K, used 86642K [0x00000000f5580000, 0x00000000fcd80000, 0x0000000100000000)
  eden space 76800K, 100% used [0x00000000f5580000,0x00000000fa080000,0x00000000fa080000)
  from space 13824K, 71% used [0x00000000fc000000,0x00000000fc99cbd8,0x00000000fcd80000)
  to   space 23040K, 0% used [0x00000000fa080000,0x00000000fa080000,0x00000000fb700000)
 ParOldGen       total 116736K, used 36949K [0x00000000e0000000, 0x00000000e7200000, 0x00000000f5580000)
  object space 116736K, 31% used [0x00000000e0000000,0x00000000e2415478,0x00000000e7200000)
 Metaspace       used 71117K, capacity 77030K, committed 77184K, reserved 1116160K
  class space    used 8966K, capacity 10814K, committed 10880K, reserved 1048576K
Event: 18.272 GC heap after
Heap after GC invocations=12 (full 3):
 PSYoungGen      total 99840K, used 23027K [0x00000000f5580000, 0x00000000fdd80000, 0x0000000100000000)
  eden space 76800K, 0% used [0x00000000f5580000,0x00000000f5580000,0x00000000fa080000)
  from space 23040K, 99% used [0x00000000fa080000,0x00000000fb6fcf78,0x00000000fb700000)
  to   space 26624K, 0% used [0x00000000fc380000,0x00000000fc380000,0x00000000fdd80000)
 ParOldGen       total 116736K, used 37230K [0x00000000e0000000, 0x00000000e7200000, 0x00000000f5580000)
  object space 116736K, 31% used [0x00000000e0000000,0x00000000e245bb70,0x00000000e7200000)
 Metaspace       used 71117K, capacity 77030K, committed 77184K, reserved 1116160K
  class space    used 8966K, capacity 10814K, committed 10880K, reserved 1048576K
}
Event: 40.967 GC heap before
{Heap before GC invocations=13 (full 3):
 PSYoungGen      total 99840K, used 99827K [0x00000000f5580000, 0x00000000fdd80000, 0x0000000100000000)
  eden space 76800K, 100% used [0x00000000f5580000,0x00000000fa080000,0x00000000fa080000)
  from space 23040K, 99% used [0x00000000fa080000,0x00000000fb6fcf78,0x00000000fb700000)
  to   space 26624K, 0% used [0x00000000fc380000,0x00000000fc380000,0x00000000fdd80000)
 ParOldGen       total 116736K, used 37230K [0x00000000e0000000, 0x00000000e7200000, 0x00000000f5580000)
  object space 116736K, 31% used [0x00000000e0000000,0x00000000e245bb70,0x00000000e7200000)
 Metaspace       used 78936K, capacity 85378K, committed 85504K, reserved 1122304K
  class space    used 9934K, capacity 11907K, committed 12032K, reserved 1048576K
Event: 40.992 GC heap after
Heap after GC invocations=13 (full 3):
 PSYoungGen      total 110080K, used 24134K [0x00000000f5580000, 0x00000000fe100000, 0x0000000100000000)
  eden space 83456K, 0% used [0x00000000f5580000,0x00000000f5580000,0x00000000fa700000)
  from space 26624K, 90% used [0x00000000fc380000,0x00000000fdb11b60,0x00000000fdd80000)
  to   space 29184K, 0% used [0x00000000fa700000,0x00000000fa700000,0x00000000fc380000)
 ParOldGen       total 116736K, used 37238K [0x00000000e0000000, 0x00000000e7200000, 0x00000000f5580000)
  object space 116736K, 31% used [0x00000000e0000000,0x00000000e245db70,0x00000000e7200000)
 Metaspace       used 78936K, capacity 85378K, committed 85504K, reserved 1122304K
  class space    used 9934K, capacity 11907K, committed 12032K, reserved 1048576K
}
Event: 63.085 GC heap before
{Heap before GC invocations=14 (full 3):
 PSYoungGen      total 110080K, used 48474K [0x00000000f5580000, 0x00000000fe100000, 0x0000000100000000)
  eden space 83456K, 29% used [0x00000000f5580000,0x00000000f6d44cc8,0x00000000fa700000)
  from space 26624K, 90% used [0x00000000fc380000,0x00000000fdb11b60,0x00000000fdd80000)
  to   space 29184K, 0% used [0x00000000fa700000,0x00000000fa700000,0x00000000fc380000)
 ParOldGen       total 116736K, used 37238K [0x00000000e0000000, 0x00000000e7200000, 0x00000000f5580000)
  object space 116736K, 31% used [0x00000000e0000000,0x00000000e245db70,0x00000000e7200000)
 Metaspace       used 80595K, capacity 87220K, committed 87296K, reserved 1124352K
  class space    used 10161K, capacity 12261K, committed 12288K, reserved 1048576K
Event: 63.121 GC heap after
Heap after GC invocations=14 (full 3):
 PSYoungGen      total 112640K, used 19501K [0x00000000f5580000, 0x00000000fe200000, 0x0000000100000000)
  eden space 83456K, 0% used [0x00000000f5580000,0x00000000f5580000,0x00000000fa700000)
  from space 29184K, 66% used [0x00000000fa700000,0x00000000fba0b7d0,0x00000000fc380000)
  to   space 29696K, 0% used [0x00000000fc500000,0x00000000fc500000,0x00000000fe200000)
 ParOldGen       total 116736K, used 37246K [0x00000000e0000000, 0x00000000e7200000, 0x00000000f5580000)
  object space 116736K, 31% used [0x00000000e0000000,0x00000000e245fb70,0x00000000e7200000)
 Metaspace       used 80595K, capacity 87220K, committed 87296K, reserved 1124352K
  class space    used 10161K, capacity 12261K, committed 12288K, reserved 1048576K
}
Event: 63.121 GC heap before
{Heap before GC invocations=15 (full 4):
 PSYoungGen      total 112640K, used 19501K [0x00000000f5580000, 0x00000000fe200000, 0x0000000100000000)
  eden space 83456K, 0% used [0x00000000f5580000,0x00000000f5580000,0x00000000fa700000)
  from space 29184K, 66% used [0x00000000fa700000,0x00000000fba0b7d0,0x00000000fc380000)
  to   space 29696K, 0% used [0x00000000fc500000,0x00000000fc500000,0x00000000fe200000)
 ParOldGen       total 116736K, used 37246K [0x00000000e0000000, 0x00000000e7200000, 0x00000000f5580000)
  object space 116736K, 31% used [0x00000000e0000000,0x00000000e245fb70,0x00000000e7200000)
 Metaspace       used 80595K, capacity 87220K, committed 87296K, reserved 1124352K
  class space    used 10161K, capacity 12261K, committed 12288K, reserved 1048576K
Event: 63.553 GC heap after
Heap after GC invocations=15 (full 4):
 PSYoungGen      total 112640K, used 0K [0x00000000f5580000, 0x00000000fe200000, 0x0000000100000000)
  eden space 83456K, 0% used [0x00000000f5580000,0x00000000f5580000,0x00000000fa700000)
  from space 29184K, 0% used [0x00000000fa700000,0x00000000fa700000,0x00000000fc380000)
  to   space 29696K, 0% used [0x00000000fc500000,0x00000000fc500000,0x00000000fe200000)
 ParOldGen       total 116736K, used 50193K [0x00000000e0000000, 0x00000000e7200000, 0x00000000f5580000)
  object space 116736K, 42% used [0x00000000e0000000,0x00000000e31044b0,0x00000000e7200000)
 Metaspace       used 80595K, capacity 87220K, committed 87296K, reserved 1124352K
  class space    used 10161K, capacity 12261K, committed 12288K, reserved 1048576K
}

Deoptimization events (10 events):
Event: 81.658 Thread 0x0000000002f32800 Uncommon trap: reason=bimorphic action=maybe_recompile pc=0x00000000047fe364 method=org.eclipse.emf.ecore.impl.ETypedElementImpl.getEType()Lorg/eclipse/emf/ecore/EClassifier; @ 18
Event: 81.658 Thread 0x0000000002f32800 Uncommon trap: reason=bimorphic action=maybe_recompile pc=0x00000000047fe364 method=org.eclipse.emf.ecore.impl.ETypedElementImpl.getEType()Lorg/eclipse/emf/ecore/EClassifier; @ 18
Event: 81.677 Thread 0x0000000002f32800 Uncommon trap: reason=unstable_if action=reinterpret pc=0x0000000003e1284c method=org.eclipse.emf.ecore.impl.MinimalEObjectImpl.setField(ILjava/lang/Object;)V @ 9
Event: 81.708 Thread 0x0000000002f32800 Uncommon trap: reason=class_check action=maybe_recompile pc=0x000000000480a558 method=org.eclipse.e4.core.internal.contexts.TrackableComputationExt.update(Lorg/eclipse/e4/core/internal/contexts/ContextChangeEvent;)Z @ 62
Event: 81.708 Thread 0x0000000002f32800 Uncommon trap: reason=class_check action=maybe_recompile pc=0x000000000480a558 method=org.eclipse.e4.core.internal.contexts.TrackableComputationExt.update(Lorg/eclipse/e4/core/internal/contexts/ContextChangeEvent;)Z @ 62
Event: 81.708 Thread 0x0000000002f32800 Uncommon trap: reason=class_check action=maybe_recompile pc=0x000000000480a558 method=org.eclipse.e4.core.internal.contexts.TrackableComputationExt.update(Lorg/eclipse/e4/core/internal/contexts/ContextChangeEvent;)Z @ 62
Event: 81.766 Thread 0x000000001a36c000 Uncommon trap: reason=unstable_if action=reinterpret pc=0x00000000031a3124 method=sun.nio.cs.SingleByte$Encoder.encode(C)I @ 13
Event: 82.327 Thread 0x0000000002f32800 Uncommon trap: reason=unstable_if action=reinterpret pc=0x0000000003d761ac method=org.eclipse.core.runtime.internal.adaptor.EclipseLazyStarter.shouldActivateFor(Ljava/lang/String;Lorg/eclipse/osgi/baseadaptor/BaseData;Lorg/eclipse/core/runtime/internal/ada>ðCœ<•T@
Event: 82.332 Thread 0x000000001816c800 Uncommon trap: reason=unstable_if action=reinterpret pc=0x0000000003bf35dc method=org.eclipse.osgi.framework.internal.core.BundleContextImpl.dispatchEvent(Ljava/lang/Object;Ljava/lang/Object;ILjava/lang/Object;)V @ 16
Event: 82.569 Thread 0x0000000002f32800 Uncommon trap: reason=unstable_if action=reinterpret pc=0x0000000003450868 method=sun.reflect.UnsafeStaticObjectFieldAccessorImpl.set(Ljava/lang/Object;Ljava/lang/Object;)V @ 13

Internal exceptions (10 events):
Event: 81.157 Thread 0x000000001a362000 Exception <a 'java/net/SocketException': Connection reset by peer: socket write error> (0x00000000f6eaaa50) thrown at [C:\re\workspace\8-2-build-windows-amd64-cygwin\jdk8u45\3627\hotspot\src\share\vm\prims\jni.cpp, line 735]
Event: 81.159 Thread 0x00000000196e5000 Exception <a 'java/net/SocketException': Socket closed> (0x00000000f6eda588) thrown at [C:\re\workspace\8-2-build-windows-amd64-cygwin\jdk8u45\3627\hotspot\src\share\vm\prims\jni.cpp, line 735]
Event: 81.160 Thread 0x000000001a35f000 Exception <a 'java/lang/InterruptedException'> (0x00000000f6ef1840) thrown at [C:\re\workspace\8-2-build-windows-amd64-cygwin\jdk8u45\3627\hotspot\src\share\vm\runtime\objectMonitor.cpp, line 1683]
Event: 81.221 Thread 0x0000000002f32800 Implicit null exception at 0x0000000004338c4c to 0x0000000004338ca9
Event: 81.764 Thread 0x000000001a36d800 Exception <a 'java/lang/InterruptedException'> (0x00000000f7b58ca8) thrown at [C:\re\workspace\8-2-build-windows-amd64-cygwin\jdk8u45\3627\hotspot\src\share\vm\runtime\objectMonitor.cpp, line 1683]
Event: 82.382 Thread 0x0000000017728000 Exception <a 'java/lang/InterruptedException': sleep interrupted> (0x00000000f7ed4328) thrown at [C:\re\workspace\8-2-build-windows-amd64-cygwin\jdk8u45\3627\hotspot\src\share\vm\prims\jvm.cpp, line 3211]
Event: 82.383 Thread 0x000000001a489000 Exception <a 'java/lang/InterruptedException'> (0x00000000f7fa4d18) thrown at [C:\re\workspace\8-2-build-windows-amd64-cygwin\jdk8u45\3627\hotspot\src\share\vm\runtime\objectMonitor.cpp, line 1683]
Event: 82.383 Thread 0x0000000017ab5000 Exception <a 'java/lang/InterruptedException'> (0x00000000f7fc2358) thrown at [C:\re\workspace\8-2-build-windows-amd64-cygwin\jdk8u45\3627\hotspot\src\share\vm\runtime\objectMonitor.cpp, line 1683]
Event: 82.569 Thread 0x000000001816c800 Exception <a 'java/lang/InterruptedException'> (0x00000000f7ed1e10) thrown at [C:\re\workspace\8-2-build-windows-amd64-cygwin\jdk8u45\3627\hotspot\src\share\vm\runtime\objectMonitor.cpp, line 1683]
Event: 82.569 Thread 0x0000000002f32800 Implicit null exception at 0x0000000003450457 to 0x0000000003450855

Events (10 events):
Event: 82.569 Thread 0x0000000002f32800 DEOPT UNPACKING pc=0x000000000307582a sp=0x000000000014ea38 mode 2
Event: 82.569 Thread 0x0000000017694800 Thread exited: 0x0000000017694800
Event: 82.569 loading class java/util/IdentityHashMap$KeyIterator
Event: 82.569 loading class java/util/IdentityHashMap$IdentityHashMapIterator
Event: 82.569 loading class java/util/IdentityHashMap$IdentityHashMapIterator done
Event: 82.570 loading class java/util/IdentityHashMap$KeyIterator done
Event: 82.570 Thread 0x00000000196df800 Thread added: 0x00000000196df800
Event: 82.570 Thread 0x00000000196df800 Thread exited: 0x00000000196df800
Event: 82.571 Executing VM operation: Exit
Event: 82.571 Thread 0x000000001689e800 Thread exited: 0x000000001689e800


Dynamic libraries:
0x0000000000400000 - 0x000000000044f000 	C:\Xilinx\SDK\2015.4\eclipse\win64.o\eclipse.exe
0x00007ffef7240000 - 0x00007ffef7401000 	C:\WINDOWS\SYSTEM32\ntdll.dll
0x00007ffef6960000 - 0x00007ffef6a0d000 	C:\WINDOWS\system32\KERNEL32.DLL
0x00007ffef39b0000 - 0x00007ffef3b98000 	C:\WINDOWS\system32\KERNELBASE.dll
0x00007ffef7070000 - 0x00007ffef71c6000 	C:\WINDOWS\system32\USER32.dll
0x00007ffef5e70000 - 0x00007ffef5ff6000 	C:\WINDOWS\system32\GDI32.dll
0x00007ffef60d0000 - 0x00007ffef616d000 	C:\WINDOWS\system32\msvcrt.dll
0x00007ffeec7d0000 - 0x00007ffeeca44000 	C:\WINDOWS\WinSxS\amd64_microsoft.windows.common-controls_6595b64144ccf1df_6.0.10586.0_none_8c15ae12515e1c22\COMCTL32.dll
0x00007ffef61d0000 - 0x00007ffef644d000 	C:\WINDOWS\system32\combase.dll
0x00007ffef5ba0000 - 0x00007ffef5cbc000 	C:\WINDOWS\system32\RPCRT4.dll
0x00007ffef3d70000 - 0x00007ffef3dda000 	C:\WINDOWS\system32\bcryptPrimitives.dll
0x00007ffef6180000 - 0x00007ffef61bb000 	C:\WINDOWS\system32\IMM32.DLL
0x0000000072000000 - 0x0000000072012000 	C:\Xilinx\SDK\2015.4\eclipse\win64.o\plugins\org.eclipse.equinox.launcher.win32.win32.x86_64_1.1.200.v20140116-2212\eclipse_1503.dll
0x00007ffef6a10000 - 0x00007ffef6ab7000 	C:\WINDOWS\system32\ADVAPI32.dll
0x00007ffef6630000 - 0x00007ffef668b000 	C:\WINDOWS\system32\sechost.dll
0x00007ffeefe10000 - 0x00007ffeefe1a000 	C:\WINDOWS\SYSTEM32\VERSION.dll
0x00007ffef21e0000 - 0x00007ffef2276000 	C:\WINDOWS\system32\uxtheme.dll
0x00007ffef6800000 - 0x00007ffef695a000 	C:\WINDOWS\system32\MSCTF.dll
0x00000000026a0000 - 0x0000000002f23000 	C:\Xilinx\SDK\2015.4\tps\win64\jre\bin\server\jvm.dll
0x00007ffef61c0000 - 0x00007ffef61c8000 	C:\WINDOWS\system32\PSAPI.DLL
0x00007ffef1830000 - 0x00007ffef1853000 	C:\WINDOWS\SYSTEM32\WINMM.dll
0x00007ffeeb900000 - 0x00007ffeeb909000 	C:\WINDOWS\SYSTEM32\WSOCK32.dll
0x0000000072ba0000 - 0x0000000072c72000 	C:\WINDOWS\SYSTEM32\MSVCR100.dll
0x00007ffef6b20000 - 0x00007ffef6b8b000 	C:\WINDOWS\system32\WS2_32.dll
0x00007ffef1800000 - 0x00007ffef182c000 	C:\WINDOWS\SYSTEM32\WINMMBASE.dll
0x00007ffef3ef0000 - 0x00007ffef3f33000 	C:\WINDOWS\system32\cfgmgr32.dll
0x0000000071e70000 - 0x0000000071e7f000 	C:\Xilinx\SDK\2015.4\tps\win64\jre\bin\verify.dll
0x0000000071e40000 - 0x0000000071e69000 	C:\Xilinx\SDK\2015.4\tps\win64\jre\bin\java.dll
0x0000000071e20000 - 0x0000000071e36000 	C:\Xilinx\SDK\2015.4\tps\win64\jre\bin\zip.dll
0x00007ffef4640000 - 0x00007ffef5b9c000 	C:\WINDOWS\system32\SHELL32.dll
0x00007ffef3ff0000 - 0x00007ffef4635000 	C:\WINDOWS\system32\windows.storage.dll
0x00007ffef6070000 - 0x00007ffef60c2000 	C:\WINDOWS\system32\shlwapi.dll
0x00007ffef38e0000 - 0x00007ffef38ef000 	C:\WINDOWS\system32\kernel.appcore.dll
0x00007ffef38f0000 - 0x00007ffef39a5000 	C:\WINDOWS\system32\shcore.dll
0x00007ffef3890000 - 0x00007ffef38db000 	C:\WINDOWS\system32\powrprof.dll
0x00007ffef3860000 - 0x00007ffef3874000 	C:\WINDOWS\system32\profapi.dll
0x00007ffef3240000 - 0x00007ffef3257000 	C:\WINDOWS\SYSTEM32\CRYPTSP.dll
0x00007ffef2ed0000 - 0x00007ffef2f04000 	C:\WINDOWS\system32\rsaenh.dll
0x00007ffef3790000 - 0x00007ffef37b9000 	C:\WINDOWS\SYSTEM32\bcrypt.dll
0x00007ffef3020000 - 0x00007ffef303f000 	C:\WINDOWS\SYSTEM32\USERENV.dll
0x00007ffef3360000 - 0x00007ffef336b000 	C:\WINDOWS\SYSTEM32\CRYPTBASE.dll
0x0000000071e00000 - 0x0000000071e1a000 	C:\Xilinx\SDK\2015.4\tps\win64\jre\bin\net.dll
0x00007ffef3190000 - 0x00007ffef31ec000 	C:\WINDOWS\system32\mswsock.dll
0x00007ffeef000000 - 0x00007ffeef038000 	C:\WINDOWS\SYSTEM32\IPHLPAPI.DLL
0x00007ffef7230000 - 0x00007ffef7238000 	C:\WINDOWS\system32\NSI.dll
0x00007ffeeeea0000 - 0x00007ffeeeeb6000 	C:\WINDOWS\SYSTEM32\dhcpcsvc6.DLL
0x00007ffeeee80000 - 0x00007ffeeee9a000 	C:\WINDOWS\SYSTEM32\dhcpcsvc.DLL
0x0000000071de0000 - 0x0000000071df1000 	C:\Xilinx\SDK\2015.4\tps\win64\jre\bin\nio.dll
0x00007ffee6910000 - 0x00007ffee6926000 	C:\WINDOWS\system32\napinsp.dll
0x00007ffee68f0000 - 0x00007ffee690a000 	C:\WINDOWS\system32\pnrpnsp.dll
0x00007ffef17e0000 - 0x00007ffef17f8000 	C:\WINDOWS\system32\NLAapi.dll
0x00007ffef2280000 - 0x00007ffef232a000 	C:\WINDOWS\SYSTEM32\DNSAPI.dll
0x00007ffee69b0000 - 0x00007ffee69bd000 	C:\WINDOWS\System32\winrnr.dll
0x00007ffeeb1f0000 - 0x00007ffeeb1fa000 	C:\Windows\System32\rasadhlp.dll
0x00007ffeef050000 - 0x00007ffeef0b7000 	C:\WINDOWS\System32\fwpuclnt.dll
0x00007ffef6690000 - 0x00007ffef67d3000 	C:\WINDOWS\system32\ole32.dll
0x00007ffef6fc0000 - 0x00007ffef7067000 	C:\WINDOWS\system32\clbcatq.dll
0x000000001a5f0000 - 0x000000001a698000 	C:\Users\emink\.Xilinx\SDK\2015.4\org.eclipse.osgi\bundles\303\1\.cp\swt-win32-4335.dll
0x00007ffef6560000 - 0x00007ffef6621000 	C:\WINDOWS\system32\OLEAUT32.dll
0x00007ffef6450000 - 0x00007ffef655b000 	C:\WINDOWS\system32\comdlg32.dll
0x00007ffef3e60000 - 0x00007ffef3ee6000 	C:\WINDOWS\system32\FirewallAPI.dll
0x00007ffef3de0000 - 0x00007ffef3df7000 	C:\WINDOWS\system32\NETAPI32.dll
0x00007ffef3ba0000 - 0x00007ffef3d67000 	C:\WINDOWS\system32\CRYPT32.dll
0x00007ffef3880000 - 0x00007ffef3890000 	C:\WINDOWS\system32\MSASN1.dll
0x00007ffeda910000 - 0x00007ffeda994000 	C:\WINDOWS\SYSTEM32\WINSPOOL.DRV
0x00007ffedd3b0000 - 0x00007ffedd3c8000 	C:\WINDOWS\SYSTEM32\USP10.dll
0x00007ffee7fb0000 - 0x00007ffee8259000 	C:\WINDOWS\SYSTEM32\WININET.dll
0x00007ffeed530000 - 0x00007ffeed53c000 	C:\WINDOWS\SYSTEM32\DAVHLPR.DLL
0x00007ffef25e0000 - 0x00007ffef2612000 	C:\WINDOWS\SYSTEM32\fwbase.dll
0x00007ffef1960000 - 0x00007ffef1982000 	C:\WINDOWS\system32\dwmapi.dll
0x00007ffef0e50000 - 0x00007ffef0fd6000 	C:\WINDOWS\SYSTEM32\propsys.dll
0x000000001a720000 - 0x000000001a73e000 	C:\Users\emink\.Xilinx\SDK\2015.4\org.eclipse.osgi\bundles\303\1\.cp\swt-gdip-win32-4335.dll
0x00007ffedc110000 - 0x00007ffedc2b8000 	C:\WINDOWS\WinSxS\amd64_microsoft.windows.gdiplus_6595b64144ccf1df_1.1.10586.20_none_db007f1392e69ef4\gdiplus.dll
0x00007ffef04a0000 - 0x00007ffef0651000 	C:\WINDOWS\SYSTEM32\WindowsCodecs.dll
0x0000000180000000 - 0x0000000180012000 	C:\Users\emink\.Xilinx\SDK\2015.4\org.eclipse.osgi\bundles\121\1\.cp\os\win32\x86_64\localfile_1_0_0.dll
0x00007ffedd390000 - 0x00007ffedd3a1000 	C:\Users\emink\.Xilinx\SDK\2015.4\org.eclipse.osgi\bundles\124\1\.cp\jWinHttp-1.0.0.dll
0x00007ffeede40000 - 0x00007ffeedf08000 	C:\WINDOWS\SYSTEM32\WINHTTP.dll
0x00007ffee7370000 - 0x00007ffee73da000 	C:\WINDOWS\SYSTEM32\oleacc.dll
0x00007ffee9d00000 - 0x00007ffee9d0f000 	C:\Xilinx\SDK\2015.4\lib\win64.o\librdi_repo_manager.dll
0x00007ffedd360000 - 0x00007ffedd38a000 	C:\Xilinx\SDK\2015.4\lib\win64.o\libisl_sysinfo.dll
0x00007ffeb1e10000 - 0x00007ffeb279d000 	C:\Xilinx\SDK\2015.4\lib\win64.o\librdi_common.dll
0x00007ffeeabb0000 - 0x00007ffeeac57000 	C:\WINDOWS\SYSTEM32\MSVCP110.dll
0x00007ffedd240000 - 0x00007ffedd294000 	C:\Xilinx\SDK\2015.4\lib\win64.o\librdi_commonxillic.dll
0x00007ffeb1c20000 - 0x00007ffeb1e0c000 	C:\Xilinx\SDK\2015.4\lib\win64.o\librdi_hsm.dll
0x00007ffeeaad0000 - 0x00007ffeeaba4000 	C:\WINDOWS\SYSTEM32\MSVCR110.dll
0x00007ffeb18b0000 - 0x00007ffeb1c1e000 	C:\Xilinx\SDK\2015.4\lib\win64.o\libCOIN-all.dll
0x00007ffeb1690000 - 0x00007ffeb18ae000 	C:\Xilinx\SDK\2015.4\lib\win64.o\libXil_lmgr11.dll
0x00007ffee9c50000 - 0x00007ffee9c60000 	C:\Xilinx\SDK\2015.4\lib\win64.o\libboost_date_time.dll
0x00007ffef3e00000 - 0x00007ffef3e55000 	C:\WINDOWS\system32\WINTRUST.dll
0x00007ffed7ea0000 - 0x00007ffed7ec2000 	C:\Xilinx\SDK\2015.4\lib\win64.o\libboost_filesystem.dll
0x00007ffed6460000 - 0x00007ffed64d4000 	C:\Xilinx\SDK\2015.4\lib\win64.o\libboost_program_options.dll
0x00007ffee9bf0000 - 0x00007ffee9bf9000 	C:\Xilinx\SDK\2015.4\lib\win64.o\libboost_system.dll
0x00007ffeb14b0000 - 0x00007ffeb15aa000 	C:\Xilinx\SDK\2015.4\lib\win64.o\libboost_regex.dll
0x00007ffedd340000 - 0x00007ffedd35d000 	C:\Xilinx\SDK\2015.4\lib\win64.o\libboost_thread.dll
0x00007ffee9370000 - 0x00007ffee937b000 	C:\Xilinx\SDK\2015.4\lib\win64.o\libboost_xilinx.dll
0x00007ffed42c0000 - 0x00007ffed4340000 	C:\Xilinx\SDK\2015.4\lib\win64.o\libhdlpsolve.dll
0x00007ffedd220000 - 0x00007ffedd233000 	C:\Xilinx\SDK\2015.4\lib\win64.o\libboost_signals.dll
0x00007ffeb7990000 - 0x00007ffeb7a2a000 	C:\Xilinx\SDK\2015.4\lib\win64.o\libhdxml.dll
0x00007ffeb1070000 - 0x00007ffeb14a4e00 	C:\Xilinx\SDK\2015.4\lib\win64.o\libisl_iostreams.dll
0x00007ffedb1b0000 - 0x00007ffedb1c5000 	C:\Xilinx\SDK\2015.4\lib\win64.o\pthreadVC2.dll
0x00007ffeb0f40000 - 0x00007ffeb1070000 	C:\Xilinx\SDK\2015.4\lib\win64.o\librdi_curl.dll
0x00007ffeda430000 - 0x00007ffeda448000 	C:\Xilinx\SDK\2015.4\lib\win64.o\librdiconfig.dll
0x00007ffed7e70000 - 0x00007ffed7e93000 	C:\Xilinx\SDK\2015.4\lib\win64.o\librdizlib.dll
0x00007ffeb1640000 - 0x00007ffeb1683000 	C:\Xilinx\SDK\2015.4\lib\win64.o\librdi_hdf.dll
0x0000000071e80000 - 0x0000000071fa7000 	C:\Xilinx\SDK\2015.4\lib\win64.o\tcl85t.dll
0x00007ffee9840000 - 0x00007ffee99f8000 	C:\WINDOWS\SYSTEM32\urlmon.dll
0x00007ffeb0ce0000 - 0x00007ffeb0f35000 	C:\Xilinx\SDK\2015.4\lib\win64.o\librdi_ippcw.dll
0x0000000023cd0000 - 0x0000000023f33000 	C:\Xilinx\SDK\2015.4\lib\win64.o\xerces-c_3_1.dll
0x00007ffee2ea0000 - 0x00007ffee2ec3000 	C:\WINDOWS\SYSTEM32\VCOMP110.DLL
0x00007ffee92e0000 - 0x00007ffee92eb000 	C:\Xilinx\SDK\2015.4\lib\win64.o\libboost_chrono.dll
0x00007ffeec310000 - 0x00007ffeec693000 	C:\WINDOWS\SYSTEM32\iertutil.dll
0x00007ffed89e0000 - 0x00007ffed89f6000 	C:\Xilinx\SDK\2015.4\lib\win64.o\libboost_iostreams.dll
0x00007ffed7e40000 - 0x00007ffed7e63000 	C:\Xilinx\SDK\2015.4\lib\win64.o\libisl_iosutils.dll
0x00007ffee78e0000 - 0x00007ffee78e7000 	C:\WINDOWS\SYSTEM32\msimg32.dll
0x00007ffee53f0000 - 0x00007ffee5440000 	C:\WINDOWS\SYSTEM32\edputil.dll
0x00007ffeafc90000 - 0x00007ffeb04a0000 	C:\Xilinx\SDK\2015.4\lib\win64.o\libXil_lmgr11FNP.dll
0x00007ffef6b90000 - 0x00007ffef6fb9000 	C:\WINDOWS\system32\SETUPAPI.dll
0x00007ffeeec00000 - 0x00007ffeeec0c000 	C:\WINDOWS\SYSTEM32\snmpapi.dll
0x00007ffef3540000 - 0x00007ffef356d000 	C:\WINDOWS\SYSTEM32\SspiCli.dll
0x00007ffef2350000 - 0x00007ffef2377000 	C:\WINDOWS\SYSTEM32\DEVOBJ.dll
0x00007ffef2db0000 - 0x00007ffef2de1000 	C:\WINDOWS\SYSTEM32\ntmarta.dll
0x0000000071080000 - 0x00000000710a6000 	C:\Xilinx\SDK\2015.4\eclipse\win64.o\plugins\gnu.io.rxtx.win32.x86_64_2.1.7.3_v20071015\os\win32\x86_64\rxtxSerial.dll
0x00007ffed77a0000 - 0x00007ffed77b6000 	C:\Xilinx\SDK\2015.4\eclipse\win64.o\plugins\org.eclipse.cdt.core.win32.x86_64_5.2.0.201402142303\os\win32\x86_64\spawner.dll
0x00007ffee5d50000 - 0x00007ffee5d5a000 	C:\Xilinx\SDK\2015.4\lib\win64.o\librdi_jtag_settings.dll
0x00007ffed2fd0000 - 0x00007ffed2ff9000 	C:\Xilinx\SDK\2015.4\lib\win64.o\librdi_debug_dialog.dll
0x00007ffee5b60000 - 0x00007ffee5b68000 	C:\Xilinx\SDK\2015.4\lib\win64.o\librdi_target_manager.dll
0x0000000025cf0000 - 0x0000000025cf3000 	C:\WINDOWS\SYSTEM32\icmp.Dll
0x00007ffeef270000 - 0x00007ffeef27b000 	C:\WINDOWS\SYSTEM32\WINNSI.DLL

VM Arguments:
jvm_args: -Dcom.xilinx.sdk.args.hwspec=C:/Users/emink/Desktop/git/ZYNQ/LED_controller/LED_controller.sdk/system_wrapper.hdf -Xms64m -Xmx512m & 
java_command: <unknown>
java_class_path (initial): C:\Xilinx\SDK\2015.4\eclipse\win64.o\\plugins/org.eclipse.equinox.launcher_1.3.0.v20130327-1440.jar
Launcher Type: generic

Environment Variables:
PATH=C:/Xilinx/SDK/2015.4/tps/win64/jre/bin/server;C:/Xilinx/SDK/2015.4/tps/win64/jre/bin;C:/Xilinx/SDK/2015.4/tps/win64/jre/lib/amd64;C:\Xilinx\SDK\2015.4\gnuwin\bin;C:\Xilinx\SDK\2015.4\gnu\microblaze\nt\bin;C:\Xilinx\SDK\2015.4\gnu\microblaze\linux_toolchain\nt64_le\bin;C:\Xilinx\SDK\2015.4\gnu\microblaze\linux_toolchain\nt64_be\bin;C:\Xilinx\SDK\2015.4\gnu\arm\nt\bin;C:\Xilinx\SDK\2015.4\gnu\aarch64\nt\aarch64-none\bin;C:\Xilinx\SDK\2015.4\gnu\aarch64\nt\aarch64-linux\bin;C:\Xilinx\SDK\2015.4\gnu\armr5\nt\gcc-arm-none-eabi\bin;C:\Xilinx\SDK\2015.4\gnu\aarch32\nt\gcc-arm-none-eabi\bin;C:\Xilinx\SDK\2015.4\gnu\aarch32\nt\gcc-arm-linux-gnueabi\bin;C:\Xilinx\SDK\2015.4\bin;C:\Xilinx\SDK\2015.4\lib\win64.o;C:\Xilinx\SDK\2015.4\tps\win64\jre\bin\server;C:\Xilinx\SDK\2015.4\tps\win64\jre\bin;C:\Xilinx\Vivado\2015.4\ids_lite\ISE\bin\nt64;C:\Xilinx\Vivado\2015.4\ids_lite\ISE\lib\nt64;C:\Xilinx\Vivado\2015.4\bin;C:\Xilinx\Vivado\2015.4\lib\win64.o;C:\Xilinx\Vivado\2015.4\tps\win64\jre\bin\server;C:\Xilinx\Vivado\2015.4\tps\win64\jre\bin;C:\Xilinx\Vivado_HLS\2015.4\bin;C:\ProgramData\Oracle\Java\javapath;C:\mentorgraphics\9.5PADS\SDD_HOME\common\win32\bin;C:\mentorgraphics\9.5PADS\SDD_HOME\common\win32\lib;C:\mentorgraphics\9.5PADS\MGC_HOME.ixn\bin;C:\mentorgraphics\9.5PADS\MGC_HOME.ixn\lib;C:\WINDOWS\system32;C:\WINDOWS;C:\WINDOWS\System32\Wbem;C:\WINDOWS\System32\WindowsPowerShell\v1.0\;C:\Program Files (x86)\ATI Technologies\ATI.ACE\Core-Static;C:\Program Files\TortoiseSVN\bin;C:\Program Files\MiKTeX 2.9\miktex\bin\x64\;;C:\Users\emink\Desktop\git\ZYNQ\LED_controller;
USERNAME=emink
OS=Windows_NT
PROCESSOR_IDENTIFIER=AMD64 Family 21 Model 2 Stepping 0, AuthenticAMD



---------------  S Y S T E M  ---------------

OS: Windows 10.0 , 64 bit Build 10586 (10.0.10586.0)

CPU:total 8 (8 cores per cpu, 1 threads per core) family 21 model 2 stepping 0, cmov, cx8, fxsr, mmx, sse, sse2, sse3, ssse3, sse4.1, sse4.2, popcnt, avx, aes, clmul, mmxext, 3dnowpref, lzcnt, sse4a, tsc, tscinvbit, tscinv, bmi1

Memory: 4k page, physical 8348380k(4996108k free), swap 9659100k(5645052k free)

vm_info: Java HotSpot(TM) 64-Bit Server VM (25.45-b02) for windows-amd64 JRE (1.8.0_45-b15), built on Apr 30 2015 12:40:44 by "java_re" with MS VC++ 10.0 (VS2010)

time: Thu Feb 25 23:10:59 2016
elapsed time: 82 seconds (0d 0h 1m 22s)

