#-----------------------------------------------------------
# Vivado v2015.4 (64-bit)
# SW Build 1412921 on Wed Nov 18 09:43:45 MST 2015
# IP Build 1412160 on Tue Nov 17 13:47:24 MST 2015
# Start of session at: Thu Feb 25 23:09:09 2016
# Process ID: 1012
# Current directory: C:/Users/emink/Desktop/git/ZYNQ/LED_controller
# Command line: vivado.exe -gui_launcher_event rodinguilauncherevent6240 C:\Users\emink\Desktop\git\ZYNQ\LED_controller\LED_controller.xpr
# Log file: C:/Users/emink/Desktop/git/ZYNQ/LED_controller/vivado.log
# Journal file: C:/Users/emink/Desktop/git/ZYNQ/LED_controller\vivado.jou
#-----------------------------------------------------------
start_gui
open_project C:/Users/emink/Desktop/git/ZYNQ/LED_controller/LED_controller.xpr
Scanning sources...
Finished scanning sources
INFO: [IP_Flow 19-234] Refreshing IP repositories
INFO: [IP_Flow 19-1704] No user IP repositories specified
INFO: [IP_Flow 19-2313] Loaded Vivado IP repository 'C:/Xilinx/Vivado/2015.4/data/ip'.
open_project: Time (s): cpu = 00:00:14 ; elapsed = 00:00:06 . Memory (MB): peak = 753.625 ; gain = 170.621
write_hwdef -force  -file C:/Users/emink/Desktop/git/ZYNQ/LED_controller/LED_controller.sdk/system_wrapper.hdf
launch_sdk -workspace C:/Users/emink/Desktop/git/ZYNQ/LED_controller/LED_controller.sdk -hwspec C:/Users/emink/Desktop/git/ZYNQ/LED_controller/LED_controller.sdk/system_wrapper.hdf
INFO: [Vivado 12-393] Launching SDK...
INFO: [Vivado 12-417] Running xsdk -workspace C:/Users/emink/Desktop/git/ZYNQ/LED_controller/LED_controller.sdk -hwspec C:/Users/emink/Desktop/git/ZYNQ/LED_controller/LED_controller.sdk/system_wrapper.hdf
INFO: [Vivado 12-3157] SDK launch initiated. Please check console for any further messages.
exit
INFO: [Common 17-206] Exiting Vivado at Thu Feb 25 23:13:43 2016...
